### ISSUE TITLE
PICO Park can't start successfully, though gets further in WINED3D

### ISSUE THREAD

**Issue by hilts-vaughan** [doitsujin/dxvk#2363]
PICO Park will open with a black screen and then close in ~1 second on my machine. This is well documented on Proton DB. I did some fishign around and found this thread with the developer engaging about it: https://steamcommunity.com/app/1509960/discussions/0/3046108212585124835/?ctp=4

It seems like they think shaders won't compile in DXVK properly, though that obviously is not the case. However, they do seem to think it's something to do with the graphics. If you run it with Wine D3D and let it run, you can hear audio and the game is "running" but it has a black scren (though it does not crash like it does when running under DXVK)

### Software information
Name: PICO PARK (or PICO Park classic) 

### System information
- GPU:  GTX 1080
 Driver: 495.44.0
- Wine version: Proton Experimental
- DXVK version: Latest; info:  DXVK: v1.9.2

### Apitrace file(s)
- I tried capturing one via the wrappers DLL from the wiki but no trace file was outputted. Is it supposed to be in the game dir? 

### Log files
Proton debug log:

```
======================
Proton: 1636657747 experimental-6.3-20211111
SteamGameId: 1509960
Command: ['/home/touma/.local/share/Steam/steamapps/common/PICO_PARK_ONLINE/pico_park.exe']
Options: {'forcelgadd'}
depot: 0.20211014.30
pressure-vessel: 0.20210906.2
scripts: v0.20210917.0-0-g1cf127d
soldier: 0.20211013.0 soldier 0.20211013.0
Kernel: Linux 5.14.16-arch1-1 #1 SMP PREEMPT Tue, 02 Nov 2021 22:22:59 +0000 x86_64
======================
esync: up and running.
wine: RLIMIT_NICE is <= 20, unable to use setpriority safely
77242.835:0028:002c:trace:loaddll:build_module Loaded L"C:\\windows\\system32\\wineboot.exe" at 0000000140000000: builtin
77242.835:0028:002c:trace:loaddll:build_module Loaded L"C:\\windows\\system32\\kernelbase.dll" at 000000007B000000: builtin
77242.835:0028:002c:trace:loaddll:build_module Loaded L"C:\\windows\\system32\\kernel32.dll" at 000000007B600000: builtin
77242.835:0028:002c:trace:seh:install_bpf Installing seccomp filters.
77242.835:0028:002c:trace:seh:check_bpf_jit_enable enabled 0x31.
77242.836:0028:002c:trace:loaddll:build_module Loaded L"C:\\windows\\system32\\msvcrt.dll" at 00000001C8DB0000: builtin
77242.836:0028:002c:trace:loaddll:build_module Loaded L"C:\\windows\\system32\\ucrtbase.dll" at 00000003AF670000: builtin
77242.837:0028:002c:trace:loaddll:build_module Loaded L"C:\\windows\\system32\\sechost.dll" at 000000032A700000: builtin
77242.837:0028:002c:trace:loaddll:build_module Loaded L"C:\\windows\\system32\\advapi32.dll" at 0000000330260000: builtin
77242.837:0028:002c:trace:loaddll:build_module Loaded L"C:\\windows\\system32\\ws2_32.dll" at 00007F462C3B0000: builtin
77242.870:0030:0034:trace:loaddll:build_module Loaded L"C:\\windows\\system32\\services.exe" at 0000000140000000: builtin
77242.871:0030:0034:trace:loaddll:build_module Loaded L"C:\\windows\\system32\\kernelbase.dll" at 000000007B000000: builtin
77242.871:0030:0034:trace:loaddll:build_module Loaded L"C:\\windows\\system32\\kernel32.dll" at 000000007B600000: builtin
77242.871:0030:0034:trace:seh:sigsys_handler SIGSYS, rax 0xffff, rip 0x600000000005.
77242.871:0030:0034:trace:seh:install_bpf Seccomp filters already installed.
77242.872:0030:0034:trace:loaddll:build_module Loaded L"C:\\windows\\system32\\msvcrt.dll" at 00000001C8DB0000: builtin
77242.872:0030:0034:trace:loaddll:build_module Loaded L"C:\\windows\\system32\\ucrtbase.dll" at 00000003AF670000: builtin
77242.872:0030:0034:trace:loaddll:build_module Loaded L"C:\\windows\\system32\\sechost.dll" at 000000032A700000: builtin
77242.872:0030:0034:trace:loaddll:build_module Loaded L"C:\\windows\\system32\\advapi32.dll" at 0000000330260000: builtin
77242.872:0030:0034:trace:loaddll:build_module Loaded L"C:\\windows\\system32\\rpcrt4.dll" at 0000000231AE0000: builtin
77242.873:0030:0034:trace:loaddll:build_module Loaded L"C:\\windows\\system32\\version.dll" at 00000002F1FA0000: builtin
77242.873:0030:0034:trace:loaddll:build_module Loaded L"C:\\windows\\system32\\setupapi.dll" at 000000021A7E0000: builtin
77242.873:0030:0034:trace:loaddll:build_module Loaded L"C:\\windows\\system32\\userenv.dll" at 0000000388E20000: builtin
77242.890:003c:0040:trace:loaddll:build_module Loaded L"C:\\windows\\system32\\winedevice.exe" at 0000000140000000: builtin
77242.890:003c:0040:trace:loaddll:build_module Loaded L"C:\\windows\\system32\\kernelbase.dll" at 000000007B000000: builtin
77242.891:003c:0040:trace:loaddll:build_module Loaded L"C:\\windows\\system32\\kernel32.dll" at 000000007B600000: builtin
77242.891:003c:0040:trace:seh:sigsys_handler SIGSYS, rax 0xffff, rip 0x600000000005.
77242.891:003c:0040:trace:seh:install_bpf Seccomp filters already installed.
77242.891:003c:0040:trace:loaddll:build_module Loaded L"C:\\windows\\system32\\msvcrt.dll" at 00000001C8DB0000: builtin
77242.892:003c:0040:trace:loaddll:build_module Loaded L"C:\\windows\\system32\\ucrtbase.dll" at 00000003AF670000: builtin
77242.892:003c:0040:trace:loaddll:build_module Loaded L"C:\\windows\\system32\\sechost.dll" at 000000032A700000: builtin
77242.892:003c:0040:trace:loaddll:build_module Loaded L"C:\\windows\\system32\\advapi32.dll" at 0000000330260000: builtin
77242.892:003c:0040:trace:loaddll:build_module Loaded L"C:\\windows\\system32\\ntoskrnl.exe" at 00000002279A0000: builtin
77242.895:003c:0040:trace:loaddll:build_module Loaded L"C:\\windows\\system32\\rpcrt4.dll" at 0000000231AE0000: builtin
77242.897:003c:0050:trace:seh:NtQueryInformationThread (0xfffffffffffffffe,0,0x162f870,30,(nil))
77242.923:003c:004c:trace:loaddll:build_module Loaded L"C:\\windows\\system32\\drivers\\mountmgr.sys" at 00007FB37C480000: builtin
77242.925:003c:004c:trace:loaddll:build_module Loaded L"C:\\windows\\system32\\version.dll" at 00000002F1FA0000: builtin
77242.925:003c:004c:trace:loaddll:build_module Loaded L"C:\\windows\\system32\\setupapi.dll" at 000000021A7E0000: builtin
77242.927:003c:004c:trace:loaddll:build_module Loaded L"C:\\windows\\system32\\iphlpapi.dll" at 00007FB37C0C0000: builtin
77242.927:003c:004c:trace:loaddll:build_module Loaded L"C:\\windows\\system32\\drivers\\ndis.sys" at 00000001DC4B0000: builtin
77242.944:005c:0060:trace:loaddll:build_module Loaded L"C:\\windows\\system32\\plugplay.exe" at 0000000140000000: builtin
77242.944:005c:0060:trace:loaddll:build_module Loaded L"C:\\windows\\system32\\kernelbase.dll" at 000000007B000000: builtin
77242.944:005c:0060:trace:loaddll:build_module Loaded L"C:\\windows\\system32\\kernel32.dll" at 000000007B600000: builtin
77242.945:005c:0060:trace:seh:sigsys_handler SIGSYS, rax 0xffff, rip 0x600000000005.
77242.945:005c:0060:trace:seh:install_bpf Seccomp filters already installed.
77242.945:005c:0060:trace:loaddll:build_module Loaded L"C:\\windows\\system32\\msvcrt.dll" at 00000001C8DB0000: builtin
77242.946:005c:0060:trace:loaddll:build_module Loaded L"C:\\windows\\system32\\ucrtbase.dll" at 00000003AF670000: builtin
77242.946:005c:0060:trace:loaddll:build_module Loaded L"C:\\windows\\system32\\sechost.dll" at 000000032A700000: builtin
77242.946:005c:0060:trace:loaddll:build_module Loaded L"C:\\windows\\system32\\advapi32.dll" at 0000000330260000: builtin
77242.946:005c:0060:trace:loaddll:build_module Loaded L"C:\\windows\\system32\\rpcrt4.dll" at 0000000231AE0000: builtin
77242.947:005c:0060:trace:loaddll:build_module Loaded L"C:\\windows\\system32\\gdi32.dll" at 000000026B4C0000: builtin
77242.947:005c:0060:trace:loaddll:build_module Loaded L"C:\\windows\\system32\\version.dll" at 00000002F1FA0000: builtin
77242.947:005c:0060:trace:loaddll:build_module Loaded L"C:\\windows\\system32\\setupapi.dll" at 000000021A7E0000: builtin
77242.947:005c:0060:trace:loaddll:build_module Loaded L"C:\\windows\\system32\\user32.dll" at 000000023D820000: builtin
77243.258:005c:0060:trace:loaddll:build_module Loaded L"C:\\windows\\system32\\combase.dll" at 0000000327020000: builtin
77243.258:005c:0060:trace:loaddll:build_module Loaded L"C:\\windows\\system32\\ole32.dll" at 00000002E8F10000: builtin
77243.258:005c:0060:trace:loaddll:build_module Loaded L"C:\\windows\\system32\\imm32.dll" at 00000003AFD00000: builtin
77243.273:0074:0078:trace:loaddll:build_module Loaded L"C:\\windows\\system32\\winedevice.exe" at 0000000140000000: builtin
77243.274:0074:0078:trace:loaddll:build_module Loaded L"C:\\windows\\system32\\kernelbase.dll" at 000000007B000000: builtin
77243.274:0074:0078:trace:loaddll:build_module Loaded L"C:\\windows\\system32\\kernel32.dll" at 000000007B600000: builtin
77243.274:0074:0078:trace:seh:sigsys_handler SIGSYS, rax 0xffff, rip 0x600000000005.
77243.274:0074:0078:trace:seh:install_bpf Seccomp filters already installed.
77243.275:0074:0078:trace:loaddll:build_module Loaded L"C:\\windows\\system32\\msvcrt.dll" at 00000001C8DB0000: builtin
77243.275:0074:0078:trace:loaddll:build_module Loaded L"C:\\windows\\system32\\ucrtbase.dll" at 00000003AF670000: builtin
77243.276:0074:0078:trace:loaddll:build_module Loaded L"C:\\windows\\system32\\sechost.dll" at 000000032A700000: builtin
77243.276:0074:0078:trace:loaddll:build_module Loaded L"C:\\windows\\system32\\advapi32.dll" at 0000000330260000: builtin
77243.276:0074:0078:trace:loaddll:build_module Loaded L"C:\\windows\\system32\\ntoskrnl.exe" at 00000002279A0000: builtin
77243.279:0074:0078:trace:loaddll:build_module Loaded L"C:\\windows\\system32\\rpcrt4.dll" at 0000000231AE0000: builtin
77243.281:0074:0084:trace:seh:NtQueryInformationThread (0xfffffffffffffffe,0,0x162f870,30,(nil))
77243.283:0074:0080:trace:loaddll:build_module Loaded L"C:\\windows\\system32\\drivers\\winebus.sys" at 00007FEFB30C0000: builtin
77243.284:0074:0080:trace:loaddll:build_module Loaded L"C:\\windows\\system32\\version.dll" at 00000002F1FA0000: builtin
77243.284:0074:0080:trace:loaddll:build_module Loaded L"C:\\windows\\system32\\setupapi.dll" at 000000021A7E0000: builtin
77243.285:0074:0080:trace:seh:NtQueryInformationThread (0xfffffffffffffffe,0,0x101f180,30,(nil))
77243.288:0074:0080:trace:loaddll:build_module Loaded L"C:\\windows\\system32\\hidclass.sys" at 000000031DF10000: builtin
77243.288:0074:0080:trace:loaddll:build_module Loaded L"C:\\windows\\system32\\drivers\\winehid.sys" at 00000003BA2A0000: builtin
77243.289:0074:0080:trace:loaddll:build_module Loaded L"C:\\windows\\system32\\hid.dll" at 00000001F51E0000: builtin
77243.290:0074:0080:trace:loaddll:build_module Loaded L"C:\\windows\\system32\\gdi32.dll" at 000000026B4C0000: builtin
77243.290:0074:0080:trace:loaddll:build_module Loaded L"C:\\windows\\system32\\user32.dll" at 000000023D820000: builtin
77243.347:0074:0080:trace:loaddll:build_module Loaded L"C:\\windows\\system32\\combase.dll" at 0000000327020000: builtin
77243.347:0074:0080:trace:loaddll:build_module Loaded L"C:\\windows\\system32\\ole32.dll" at 00000002E8F10000: builtin
77243.347:0074:0080:trace:loaddll:build_module Loaded L"C:\\windows\\system32\\imm32.dll" at 00000003AFD00000: builtin
77243.349:0074:008c:trace:seh:NtQueryInformationThread (0xfffffffffffffffe,0,0x1c9f960,30,(nil))
77243.372:0074:0080:trace:loaddll:build_module Loaded L"C:\\windows\\system32\\drivers\\wineusb.sys" at 00007FEFB10E0000: builtin
77243.388:00a4:00a8:trace:loaddll:build_module Loaded L"C:\\windows\\system32\\svchost.exe" at 0000000140000000: builtin
77243.388:00a4:00a8:trace:loaddll:build_module Loaded L"C:\\windows\\system32\\kernelbase.dll" at 000000007B000000: builtin
77243.388:00a4:00a8:trace:loaddll:build_module Loaded L"C:\\windows\\system32\\kernel32.dll" at 000000007B600000: builtin
77243.388:00a4:00a8:trace:seh:sigsys_handler SIGSYS, rax 0xffff, rip 0x600000000005.
77243.388:00a4:00a8:trace:seh:install_bpf Seccomp filters already installed.
77243.389:00a4:00a8:trace:loaddll:build_module Loaded L"C:\\windows\\system32\\msvcrt.dll" at 00000001C8DB0000: builtin
77243.390:00a4:00a8:trace:loaddll:build_module Loaded L"C:\\windows\\system32\\ucrtbase.dll" at 00000003AF670000: builtin
77243.390:00a4:00a8:trace:loaddll:build_module Loaded L"C:\\windows\\system32\\sechost.dll" at 000000032A700000: builtin
77243.390:00a4:00a8:trace:loaddll:build_module Loaded L"C:\\windows\\system32\\advapi32.dll" at 0000000330260000: builtin
77243.393:00a4:00a8:trace:loaddll:build_module Loaded L"C:\\windows\\system32\\wevtsvc.dll" at 00000002EBA70000: builtin
77243.393:00a4:00a8:trace:loaddll:build_module Loaded L"C:\\windows\\system32\\rpcrt4.dll" at 0000000231AE0000: builtin
77243.407:00b8:00bc:trace:loaddll:build_module Loaded L"C:\\windows\\system32\\tabtip.exe" at 0000000140000000: builtin
77243.408:00b8:00bc:trace:loaddll:build_module Loaded L"C:\\windows\\system32\\kernelbase.dll" at 000000007B000000: builtin
77243.408:00b8:00bc:trace:loaddll:build_module Loaded L"C:\\windows\\system32\\kernel32.dll" at 000000007B600000: builtin
77243.408:00b8:00bc:trace:seh:sigsys_handler SIGSYS, rax 0xffff, rip 0x600000000005.
77243.408:00b8:00bc:trace:seh:install_bpf Seccomp filters already installed.
77243.409:00b8:00bc:trace:loaddll:build_module Loaded L"C:\\windows\\system32\\msvcrt.dll" at 00000001C8DB0000: builtin
77243.409:00b8:00bc:trace:loaddll:build_module Loaded L"C:\\windows\\system32\\ucrtbase.dll" at 00000003AF670000: builtin
77243.410:00b8:00bc:trace:loaddll:build_module Loaded L"C:\\windows\\system32\\sechost.dll" at 000000032A700000: builtin
77243.410:00b8:00bc:trace:loaddll:build_module Loaded L"C:\\windows\\system32\\advapi32.dll" at 0000000330260000: builtin
77243.410:00b8:00bc:trace:loaddll:build_module Loaded L"C:\\windows\\system32\\gdi32.dll" at 000000026B4C0000: builtin
77243.410:00b8:00bc:trace:loaddll:build_module Loaded L"C:\\windows\\system32\\rpcrt4.dll" at 0000000231AE0000: builtin
77243.411:00b8:00bc:trace:loaddll:build_module Loaded L"C:\\windows\\system32\\version.dll" at 00000002F1FA0000: builtin
77243.411:00b8:00bc:trace:loaddll:build_module Loaded L"C:\\windows\\system32\\setupapi.dll" at 000000021A7E0000: builtin
77243.411:00b8:00bc:trace:loaddll:build_module Loaded L"C:\\windows\\system32\\user32.dll" at 000000023D820000: builtin
77243.411:00b8:00bc:trace:loaddll:build_module Loaded L"C:\\windows\\system32\\combase.dll" at 0000000327020000: builtin
77243.411:00b8:00bc:trace:loaddll:build_module Loaded L"C:\\windows\\system32\\ole32.dll" at 00000002E8F10000: builtin
77243.412:00b8:00bc:trace:loaddll:build_module Loaded L"C:\\windows\\system32\\shcore.dll" at 00000003126F0000: builtin
77243.412:00b8:00bc:trace:loaddll:build_module Loaded L"C:\\windows\\system32\\shlwapi.dll" at 00000002E3540000: builtin
77243.412:00b8:00bc:trace:loaddll:build_module Loaded L"C:\\windows\\system32\\shell32.dll" at 00007FA4B4150000: builtin
77243.479:00b8:00bc:trace:loaddll:build_module Loaded L"C:\\windows\\system32\\imm32.dll" at 00000003AFD00000: builtin
77243.484:00c0:00c4:trace:loaddll:build_module Loaded L"C:\\windows\\system32\\explorer.exe" at 0000000140000000: builtin
77243.484:00c0:00c4:trace:loaddll:build_module Loaded L"C:\\windows\\system32\\kernelbase.dll" at 000000007B000000: builtin
77243.484:00c0:00c4:trace:loaddll:build_module Loaded L"C:\\windows\\system32\\kernel32.dll" at 000000007B600000: builtin
77243.484:00c0:00c4:trace:seh:sigsys_handler SIGSYS, rax 0xffff, rip 0x600000000005.
77243.484:00c0:00c4:trace:seh:install_bpf Seccomp filters already installed.
77243.485:00c0:00c4:trace:loaddll:build_module Loaded L"C:\\windows\\system32\\msvcrt.dll" at 00000001C8DB0000: builtin
77243.486:00c0:00c4:trace:loaddll:build_module Loaded L"C:\\windows\\system32\\ucrtbase.dll" at 00000003AF670000: builtin
77243.486:00c0:00c4:trace:loaddll:build_module Loaded L"C:\\windows\\system32\\sechost.dll" at 000000032A700000: builtin
77243.486:00c0:00c4:trace:loaddll:build_module Loaded L"C:\\windows\\system32\\advapi32.dll" at 0000000330260000: builtin
77243.486:00c0:00c4:trace:loaddll:build_module Loaded L"C:\\windows\\system32\\gdi32.dll" at 000000026B4C0000: builtin
77243.486:00c0:00c4:trace:loaddll:build_module Loaded L"C:\\windows\\system32\\rpcrt4.dll" at 0000000231AE0000: builtin
77243.487:00c0:00c4:trace:loaddll:build_module Loaded L"C:\\windows\\system32\\version.dll" at 00000002F1FA0000: builtin
77243.487:00c0:00c4:trace:loaddll:build_module Loaded L"C:\\windows\\system32\\setupapi.dll" at 000000021A7E0000: builtin
77243.487:00c0:00c4:trace:loaddll:build_module Loaded L"C:\\windows\\system32\\user32.dll" at 000000023D820000: builtin
77243.555:00c0:00c4:trace:loaddll:build_module Loaded L"C:\\windows\\system32\\combase.dll" at 0000000327020000: builtin
77243.556:00c0:00c4:trace:loaddll:build_module Loaded L"C:\\windows\\system32\\ole32.dll" at 00000002E8F10000: builtin
77243.556:00c0:00c4:trace:loaddll:build_module Loaded L"C:\\windows\\system32\\imm32.dll" at 00000003AFD00000: builtin
77243.558:00c0:00c4:trace:loaddll:build_module Loaded L"C:\\windows\\system32\\winex11.drv" at 00007F2A53C10000: builtin
77243.610:00c0:00c4:trace:loaddll:build_module Loaded L"C:\\windows\\system32\\shcore.dll" at 00000003126F0000: builtin
77243.610:00c0:00c4:trace:loaddll:build_module Loaded L"C:\\windows\\system32\\shlwapi.dll" at 00000002E3540000: builtin
77243.610:00c0:00c4:trace:loaddll:build_module Loaded L"C:\\windows\\system32\\shell32.dll" at 00007F2A52660000: builtin
77243.613:00c0:00c4:trace:loaddll:build_module Loaded L"C:\\windows\\system32\\oleaut32.dll" at 00000002739C0000: builtin
77243.613:00c0:00c4:trace:loaddll:build_module Loaded L"C:\\windows\\system32\\actxprxy.dll" at 00000001D0830000: builtin
77243.613:00c0:00c4:trace:seh:dispatch_exception code=6ba flags=0 addr=000000007B01239E ip=000000007B01239E tid=00c4
77243.613:00c0:00c4:warn:seh:dispatch_exception unknown exception (code=6ba) raised
77243.613:00c0:00c4:trace:seh:dispatch_exception  rax=000000007b012350 rbx=000000000073e9d8 rcx=000000000073e6f0 rdx=0000000000000000
77243.613:00c0:00c4:trace:seh:dispatch_exception  rsi=000000000000006c rdi=00000000003ba230 rbp=0000000040010028 rsp=000000000073e6d0
77243.613:00c0:00c4:trace:seh:dispatch_exception   r8=0000000000000000  r9=0000000000000000 r10=00000000003b0020 r11=00000000a55a5aa5
77243.613:00c0:00c4:trace:seh:dispatch_exception  r12=000000000073e9d8 r13=000000000031bac0 r14=00000000003d4250 r15=0000000000000005
77243.613:00c0:00c4:trace:seh:call_vectored_handlers calling handler at 000000007B00C690 code=6ba flags=0
77243.613:00c0:00c4:trace:seh:call_vectored_handlers handler at 000000007B00C690 returned 0
77243.613:00c0:00c4:trace:seh:RtlVirtualUnwind type 1 rip 000000007B01239E rsp 000000000073E6D0
77243.613:00c0:00c4:trace:seh:dump_unwind_info **** func 12350-123d7
77243.613:00c0:00c4:trace:seh:dump_unwind_info unwind info at 000000007B0A6480 flags 0 prolog 0x11 bytes function 000000007B012350-000000007B0123D7
77243.613:00c0:00c4:trace:seh:dump_unwind_info     0x11: subq $0xc8,%rsp
77243.613:00c0:00c4:trace:seh:dump_unwind_info     0xa: pushq %rsi
77243.613:00c0:00c4:trace:seh:dump_unwind_info     0x9: pushq %rdi
77243.613:00c0:00c4:trace:seh:RtlVirtualUnwind type 1 rip 0000000231B22812 rsp 000000000073E7B0
77243.613:00c0:00c4:trace:seh:dump_unwind_info **** func 42800-42847
77243.613:00c0:00c4:trace:seh:dump_unwind_info unwind info at 0000000231B453C0 flags 0 prolog 0x4 bytes function 0000000231B22800-0000000231B22847
77243.613:00c0:00c4:trace:seh:dump_unwind_info     0x4: subq $0x28,%rsp
77243.613:00c0:00c4:trace:seh:RtlVirtualUnwind type 1 rip 0000000231AE9736 rsp 000000000073E7E0
77243.613:00c0:00c4:trace:seh:dump_unwind_info **** func 96b0-9737
77243.613:00c0:00c4:trace:seh:dump_unwind_info unwind info at 0000000231B4332C flags 0 prolog 0x7 bytes function 0000000231AE96B0-0000000231AE9737
77243.613:00c0:00c4:trace:seh:dump_unwind_info     0x7: subq $0x40,%rsp
77243.613:00c0:00c4:trace:seh:dump_unwind_info     0x3: pushq %rbx
77243.613:00c0:00c4:trace:seh:dump_unwind_info     0x2: pushq %rsi
77243.613:00c0:00c4:trace:seh:dump_unwind_info     0x1: pushq %rdi
77243.613:00c0:00c4:trace:seh:RtlVirtualUnwind type 1 rip 0000000327044BF0 rsp 000000000073E840
77243.613:00c0:00c4:trace:seh:dump_unwind_info **** func 24af0-24d51
77243.613:00c0:00c4:trace:seh:dump_unwind_info unwind info at 000000032705A67C flags 0 prolog 0x10 bytes function 0000000327044AF0-0000000327044D51
77243.613:00c0:00c4:trace:seh:dump_unwind_info     0x10: subq $0x338,%rsp
77243.613:00c0:00c4:trace:seh:dump_unwind_info     0x9: pushq %rbx
77243.613:00c0:00c4:trace:seh:dump_unwind_info     0x8: pushq %rsi
77243.613:00c0:00c4:trace:seh:dump_unwind_info     0x7: pushq %rdi
77243.613:00c0:00c4:trace:seh:dump_unwind_info     0x6: pushq %r12
77243.613:00c0:00c4:trace:seh:dump_unwind_info     0x4: pushq %r13
77243.613:00c0:00c4:trace:seh:dump_unwind_info     0x2: pushq %r14
77243.613:00c0:00c4:trace:seh:call_stack_handlers found wine frame 000000000073E8B0 rsp 000000000073EBB0 handler 0000000327043B30
77243.613:00c0:00c4:trace:seh:call_teb_handler calling TEB handler 0000000327043B30 (rec=000000000073E6F0, frame=000000000073E8B0 context=000000000073DC10, dispatch=000000000073DAE0)
77243.613:00c0:00c4:trace:seh:call_teb_handler handler at 0000000327043B30 returned 1
77243.613:00c0:00c4:trace:seh:RtlVirtualUnwind type 1 rip 00000003270397B7 rsp 000000000073EBB0
77243.613:00c0:00c4:trace:seh:dump_unwind_info **** func 196d0-197dd
77243.613:00c0:00c4:trace:seh:dump_unwind_info unwind info at 0000000327059EB0 flags 0 prolog 0xa bytes function 00000003270396D0-00000003270397DD
77243.613:00c0:00c4:trace:seh:dump_unwind_info     0xa: subq $0x178,%rsp
77243.613:00c0:00c4:trace:seh:dump_unwind_info     0x3: pushq %rbx
77243.613:00c0:00c4:trace:seh:dump_unwind_info     0x2: pushq %r12
77243.613:00c0:00c4:trace:seh:call_stack_handlers found wine frame 000000000073EBF0 rsp 000000000073ED40 handler 0000000327045FB0
77243.613:00c0:00c4:trace:seh:call_teb_handler calling TEB handler 0000000327045FB0 (rec=000000000073E6F0, frame=000000000073EBF0 context=000000000073DC10, dispatch=000000000073DAE0)
77243.613:00c0:00c4:trace:seh:RtlUnwindEx code=6ba flags=2 end_frame=000000000073EBF0 target_ip=0000000327045F4A rip=000000007bc5ad7d
77243.613:00c0:00c4:trace:seh:RtlUnwindEx  rax=000000003ffe0000 rbx=000000000073e8b0 rcx=000000000073d4e0 rdx=0000000027045f4a
77243.613:00c0:00c4:trace:seh:RtlUnwindEx  rsi=000000000073cf90 rdi=000000000073dc10 rbp=000000000073d9e0 rsp=000000000073ce20
77243.613:00c0:00c4:trace:seh:RtlUnwindEx   r8=000000000073e6f0  r9=0000000027045f80 r10=000000000073d6d6 r11=0000000000000293
77243.613:00c0:00c4:trace:seh:RtlUnwindEx  r12=000000000073e6f0 r13=000000000073d4e0 r14=000000000073ebf0 r15=000000007bc69930
77243.613:00c0:00c4:trace:seh:RtlVirtualUnwind type 2 rip 000000007BC5AD7D rsp 000000000073CE20
77243.613:00c0:00c4:trace:seh:dump_unwind_info **** func 5ad30-5b476
77243.613:00c0:00c4:trace:seh:dump_unwind_info unwind info at 000000007BC839B4 flags 0 prolog 0x13 bytes function 000000007BC5AD30-000000007BC5B476
77243.613:00c0:00c4:trace:seh:dump_unwind_info     0x13: subq $0x648,%rsp
77243.613:00c0:00c4:trace:seh:dump_unwind_info     0xc: pushq %rbx
77243.613:00c0:00c4:trace:seh:dump_unwind_info     0xb: pushq %rsi
77243.613:00c0:00c4:trace:seh:dump_unwind_info     0xa: pushq %rdi
77243.613:00c0:00c4:trace:seh:dump_unwind_info     0x9: pushq %rbp
77243.613:00c0:00c4:trace:seh:dump_unwind_info     0x8: pushq %r12
77243.613:00c0:00c4:trace:seh:dump_unwind_info     0x6: pushq %r13
77243.613:00c0:00c4:trace:seh:dump_unwind_info     0x4: pushq %r14
77243.613:00c0:00c4:trace:seh:dump_unwind_info     0x2: pushq %r15
77243.613:00c0:00c4:trace:seh:RtlVirtualUnwind type 2 rip 000000007BC5B49F rsp 000000000073D4B0
77243.613:00c0:00c4:trace:seh:dump_unwind_info **** func 5b480-5b4a8
77243.613:00c0:00c4:trace:seh:dump_unwind_info unwind info at 000000007BC839CC flags 0 prolog 0x7 bytes function 000000007BC5B480-000000007BC5B4A8
77243.613:00c0:00c4:trace:seh:dump_unwind_info     0x7: subq $0x508,%rsp
77243.613:00c0:00c4:trace:seh:RtlVirtualUnwind type 2 rip 0000000327045F4A rsp 000000000073D9C0
77243.613:00c0:00c4:trace:seh:dump_unwind_info **** func 25f30-25f4c
77243.613:00c0:00c4:trace:seh:dump_unwind_info unwind info at 000000032705A754 flags 0 prolog 0x8 bytes function 0000000327045F30-0000000327045F4C
77243.613:00c0:00c4:trace:seh:dump_unwind_info     frame register rbp offset 0x0(%rsp)
77243.613:00c0:00c4:trace:seh:dump_unwind_info     0x8: subq $0x20,%rsp
77243.613:00c0:00c4:trace:seh:dump_unwind_info     0x4: leaq 0x0(%rsp),rbp
77243.613:00c0:00c4:trace:seh:dump_unwind_info     0x1: pushq %rbp
77243.613:00c0:00c4:trace:seh:RtlVirtualUnwind type 2 rip 0000000327045F79 rsp 000000000073D9F0
77243.613:00c0:00c4:trace:seh:dump_unwind_info **** func 25f50-25f7a
77243.613:00c0:00c4:trace:seh:dump_unwind_info unwind info at 000000032705A760 flags 0 prolog 0x4 bytes function 0000000327045F50-0000000327045F7A
77243.613:00c0:00c4:trace:seh:dump_unwind_info     0x4: subq $0x28,%rsp
77243.613:00c0:00c4:trace:seh:RtlVirtualUnwind type 2 rip 0000000327046004 rsp 000000000073DA20
77243.613:00c0:00c4:trace:seh:dump_unwind_info **** func 25fb0-26005
77243.613:00c0:00c4:trace:seh:dump_unwind_info unwind info at 000000032705A770 flags 0 prolog 0xa bytes function 0000000327045FB0-0000000327046005
77243.613:00c0:00c4:trace:seh:dump_unwind_info     0xa: subq $0x30,%rsp
77243.613:00c0:00c4:trace:seh:dump_unwind_info     0x6: pushq %r12
77243.613:00c0:00c4:trace:seh:dump_unwind_info     0x4: pushq %r13
77243.613:00c0:00c4:trace:seh:dump_unwind_info     0x2: pushq %r14
77243.613:00c0:00c4:trace:seh:RtlVirtualUnwind type 2 rip 000000007BC5A0BD rsp 000000000073DA70
77243.613:00c0:00c4:trace:seh:dump_unwind_info **** func 59e80-5a391
77243.613:00c0:00c4:trace:seh:dump_unwind_info unwind info at 000000007BC8395C flags 0 prolog 0x13 bytes function 000000007BC59E80-000000007BC5A391
77243.613:00c0:00c4:trace:seh:dump_unwind_info     0x13: subq $0x678,%rsp
77243.613:00c0:00c4:trace:seh:dump_unwind_info     0xc: pushq %rbx
77243.613:00c0:00c4:trace:seh:dump_unwind_info     0xb: pushq %rsi
77243.613:00c0:00c4:trace:seh:dump_unwind_info     0xa: pushq %rdi
77243.613:00c0:00c4:trace:seh:dump_unwind_info     0x9: pushq %rbp
77243.613:00c0:00c4:trace:seh:dump_unwind_info     0x8: pushq %r12
77243.613:00c0:00c4:trace:seh:dump_unwind_info     0x6: pushq %r13
77243.613:00c0:00c4:trace:seh:dump_unwind_info     0x4: pushq %r14
77243.613:00c0:00c4:trace:seh:dump_unwind_info     0x2: pushq %r15
77243.613:00c0:00c4:trace:seh:RtlVirtualUnwind type 2 rip 000000007BC5A6A7 rsp 000000000073E130
77243.613:00c0:00c4:trace:seh:dump_unwind_info **** func 5a3a0-5a8af
77243.613:00c0:00c4:trace:seh:dump_unwind_info unwind info at 000000007BC83974 flags 0 prolog 0x10 bytes function 000000007BC5A3A0-000000007BC5A8AF
77243.613:00c0:00c4:trace:seh:dump_unwind_info     0x10: subq $0x58,%rsp
77243.613:00c0:00c4:trace:seh:dump_unwind_info     0xc: pushq %rbx
77243.613:00c0:00c4:trace:seh:dump_unwind_info     0xb: pushq %rsi
77243.613:00c0:00c4:trace:seh:dump_unwind_info     0xa: pushq %rdi
77243.613:00c0:00c4:trace:seh:dump_unwind_info     0x9: pushq %rbp
77243.613:00c0:00c4:trace:seh:dump_unwind_info     0x8: pushq %r12
77243.613:00c0:00c4:trace:seh:dump_unwind_info     0x6: pushq %r13
77243.613:00c0:00c4:trace:seh:dump_unwind_info     0x4: pushq %r14
77243.613:00c0:00c4:trace:seh:dump_unwind_info     0x2: pushq %r15
77243.613:00c0:00c4:trace:seh:RtlVirtualUnwind type 2 rip 000000007BC583D8 rsp 000000000073E1D0
77243.613:00c0:00c4:trace:seh:dump_unwind_info **** func 58370-583e5
77243.613:00c0:00c4:trace:seh:dump_unwind_info unwind info at 000000007BC838C8 flags 0 prolog 0x7 bytes function 000000007BC58370-000000007BC583E5
77243.613:00c0:00c4:trace:seh:dump_unwind_info     0x7: subq $0x4f8,%rsp
77243.613:00c0:00c4:trace:seh:RtlVirtualUnwind type 2 rip 000000007B01239E rsp 000000000073E6D0
77243.613:00c0:00c4:trace:seh:dump_unwind_info **** func 12350-123d7
77243.613:00c0:00c4:trace:seh:dump_unwind_info unwind info at 000000007B0A6480 flags 0 prolog 0x11 bytes function 000000007B012350-000000007B0123D7
77243.613:00c0:00c4:trace:seh:dump_unwind_info     0x11: subq $0xc8,%rsp
77243.613:00c0:00c4:trace:seh:dump_unwind_info     0xa: pushq %rsi
77243.613:00c0:00c4:trace:seh:dump_unwind_info     0x9: pushq %rdi
77243.613:00c0:00c4:trace:seh:RtlVirtualUnwind type 2 rip 0000000231B22812 rsp 000000000073E7B0
77243.613:00c0:00c4:trace:seh:dump_unwind_info **** func 42800-42847
77243.613:00c0:00c4:trace:seh:dump_unwind_info unwind info at 0000000231B453C0 flags 0 prolog 0x4 bytes function 0000000231B22800-0000000231B22847
77243.613:00c0:00c4:trace:seh:dump_unwind_info     0x4: subq $0x28,%rsp
77243.613:00c0:00c4:trace:seh:RtlVirtualUnwind type 2 rip 0000000231AE9736 rsp 000000000073E7E0
77243.613:00c0:00c4:trace:seh:dump_unwind_info **** func 96b0-9737
77243.613:00c0:00c4:trace:seh:dump_unwind_info unwind info at 0000000231B4332C flags 0 prolog 0x7 bytes function 0000000231AE96B0-0000000231AE9737
77243.613:00c0:00c4:trace:seh:dump_unwind_info     0x7: subq $0x40,%rsp
77243.613:00c0:00c4:trace:seh:dump_unwind_info     0x3: pushq %rbx
77243.613:00c0:00c4:trace:seh:dump_unwind_info     0x2: pushq %rsi
77243.613:00c0:00c4:trace:seh:dump_unwind_info     0x1: pushq %rdi
77243.613:00c0:00c4:trace:seh:RtlVirtualUnwind type 2 rip 0000000327044BF0 rsp 000000000073E840
77243.613:00c0:00c4:trace:seh:dump_unwind_info **** func 24af0-24d51
77243.613:00c0:00c4:trace:seh:dump_unwind_info unwind info at 000000032705A67C flags 0 prolog 0x10 bytes function 0000000327044AF0-0000000327044D51
77243.613:00c0:00c4:trace:seh:dump_unwind_info     0x10: subq $0x338,%rsp
77243.613:00c0:00c4:trace:seh:dump_unwind_info     0x9: pushq %rbx
77243.613:00c0:00c4:trace:seh:dump_unwind_info     0x8: pushq %rsi
77243.613:00c0:00c4:trace:seh:dump_unwind_info     0x7: pushq %rdi
77243.613:00c0:00c4:trace:seh:dump_unwind_info     0x6: pushq %r12
77243.613:00c0:00c4:trace:seh:dump_unwind_info     0x4: pushq %r13
77243.613:00c0:00c4:trace:seh:dump_unwind_info     0x2: pushq %r14
77243.613:00c0:00c4:trace:seh:RtlUnwindEx found builtin frame 000000000073E8B0 handler 0000000327043B30
77243.613:00c0:00c4:trace:seh:call_teb_unwind_handler calling TEB handler 0000000327043B30 (rec=000000000073E6F0, frame=000000000073E8B0 context=000000000073D4E0, dispatch=000000000073CEA0)
77243.613:00c0:00c4:trace:seh:call_teb_unwind_handler handler at 0000000327043B30 returned 1
77243.613:00c0:00c4:trace:seh:RtlVirtualUnwind type 2 rip 00000003270397B7 rsp 000000000073EBB0
77243.613:00c0:00c4:trace:seh:dump_unwind_info **** func 196d0-197dd
77243.613:00c0:00c4:trace:seh:dump_unwind_info unwind info at 0000000327059EB0 flags 0 prolog 0xa bytes function 00000003270396D0-00000003270397DD
77243.613:00c0:00c4:trace:seh:dump_unwind_info     0xa: subq $0x178,%rsp
77243.613:00c0:00c4:trace:seh:dump_unwind_info     0x3: pushq %rbx
77243.613:00c0:00c4:trace:seh:dump_unwind_info     0x2: pushq %r12
77243.613:00c0:00c4:trace:seh:RtlRestoreContext returning to 0000000327045F4A stack 000000000073EBB0
77243.627:00d4:00d8:trace:loaddll:build_module Loaded L"C:\\windows\\system32\\rpcss.exe" at 0000000140000000: builtin
77243.628:00d4:00d8:trace:loaddll:build_module Loaded L"C:\\windows\\system32\\kernelbase.dll" at 000000007B000000: builtin
77243.628:00d4:00d8:trace:loaddll:build_module Loaded L"C:\\windows\\system32\\kernel32.dll" at 000000007B600000: builtin
77243.628:00d4:00d8:trace:seh:sigsys_handler SIGSYS, rax 0xffff, rip 0x600000000005.
77243.628:00d4:00d8:trace:seh:install_bpf Seccomp filters already installed.
77243.629:00d4:00d8:trace:loaddll:build_module Loaded L"C:\\windows\\system32\\msvcrt.dll" at 00000001C8DB0000: builtin
77243.629:00d4:00d8:trace:loaddll:build_module Loaded L"C:\\windows\\system32\\ucrtbase.dll" at 00000003AF670000: builtin
77243.629:00d4:00d8:trace:loaddll:build_module Loaded L"C:\\windows\\system32\\sechost.dll" at 000000032A700000: builtin
77243.629:00d4:00d8:trace:loaddll:build_module Loaded L"C:\\windows\\system32\\advapi32.dll" at 0000000330260000: builtin
77243.629:00d4:00d8:trace:loaddll:build_module Loaded L"C:\\windows\\system32\\rpcrt4.dll" at 0000000231AE0000: builtin
77243.638:0030:00d0:trace:seh:NtQueryInformationThread (0xfffffffffffffffe,12,0x3f8fe2c,4,(nil))
77243.639:00b8:00bc:trace:loaddll:build_module Loaded L"C:\\windows\\system32\\winex11.drv" at 00007FA4B39E0000: builtin
77243.655:00b8:00bc:trace:loaddll:build_module Loaded L"C:\\windows\\system32\\oleaut32.dll" at 00000002739C0000: builtin
77243.655:00b8:00bc:trace:loaddll:build_module Loaded L"C:\\windows\\system32\\oleacc.dll" at 00000002522E0000: builtin
77243.655:00b8:00bc:trace:loaddll:build_module Loaded L"C:\\windows\\system32\\uiautomationcore.dll" at 0000000330A70000: builtin
77243.656:003c:0050:trace:seh:NtQueryInformationThread (0x64,0,0x162f810,30,(nil))
77243.657:0028:002c:trace:loaddll:build_module Loaded L"C:\\windows\\system32\\gdi32.dll" at 000000026B4C0000: builtin
77243.658:0028:002c:trace:loaddll:build_module Loaded L"C:\\windows\\system32\\rpcrt4.dll" at 0000000231AE0000: builtin
77243.658:0028:002c:trace:loaddll:build_module Loaded L"C:\\windows\\system32\\version.dll" at 00000002F1FA0000: builtin
77243.658:0028:002c:trace:loaddll:build_module Loaded L"C:\\windows\\system32\\setupapi.dll" at 000000021A7E0000: builtin
77243.658:0028:002c:trace:loaddll:build_module Loaded L"C:\\windows\\system32\\user32.dll" at 000000023D820000: builtin
77243.659:0028:002c:trace:loaddll:build_module Loaded L"C:\\windows\\system32\\combase.dll" at 0000000327020000: builtin
77243.659:0028:002c:trace:loaddll:build_module Loaded L"C:\\windows\\system32\\ole32.dll" at 00000002E8F10000: builtin
77243.659:0028:002c:trace:loaddll:build_module Loaded L"C:\\windows\\system32\\shcore.dll" at 00000003126F0000: builtin
77243.659:0028:002c:trace:loaddll:build_module Loaded L"C:\\windows\\system32\\shlwapi.dll" at 00000002E3540000: builtin
77243.659:0028:002c:trace:loaddll:build_module Loaded L"C:\\windows\\system32\\shell32.dll" at 00007F462B750000: builtin
77243.717:0028:002c:trace:loaddll:build_module Loaded L"C:\\windows\\system32\\imm32.dll" at 00000003AFD00000: builtin
77243.719:0020:0024:trace:loaddll:build_module Loaded L"C:\\windows\\system32\\steam.exe" at 00007F1FD4880000: builtin
77243.720:0020:0024:trace:loaddll:build_module Loaded L"C:\\windows\\system32\\kernelbase.dll" at 000000007B000000: builtin
77243.720:0020:0024:trace:loaddll:build_module Loaded L"C:\\windows\\system32\\kernel32.dll" at 000000007B600000: builtin
77243.720:0020:0024:trace:seh:install_bpf Installing seccomp filters.
77243.720:0020:0024:trace:seh:check_bpf_jit_enable enabled 0x31.
77243.721:0020:0024:trace:loaddll:build_module Loaded L"C:\\windows\\system32\\msvcrt.dll" at 00000001C8DB0000: builtin
77243.721:0020:0024:trace:loaddll:build_module Loaded L"C:\\windows\\system32\\ucrtbase.dll" at 00000003AF670000: builtin
77243.721:0020:0024:trace:loaddll:build_module Loaded L"C:\\windows\\system32\\sechost.dll" at 000000032A700000: builtin
77243.721:0020:0024:trace:loaddll:build_module Loaded L"C:\\windows\\system32\\advapi32.dll" at 0000000330260000: builtin
77243.722:0020:0024:trace:loaddll:build_module Loaded L"C:\\windows\\system32\\gdi32.dll" at 000000026B4C0000: builtin
77243.722:0020:0024:trace:loaddll:build_module Loaded L"C:\\windows\\system32\\rpcrt4.dll" at 0000000231AE0000: builtin
77243.723:0020:0024:trace:loaddll:build_module Loaded L"C:\\windows\\system32\\version.dll" at 00000002F1FA0000: builtin
77243.723:0020:0024:trace:loaddll:build_module Loaded L"C:\\windows\\system32\\setupapi.dll" at 000000021A7E0000: builtin
77243.723:0020:0024:trace:loaddll:build_module Loaded L"C:\\windows\\system32\\user32.dll" at 000000023D820000: builtin
77243.723:0020:0024:trace:loaddll:build_module Loaded L"C:\\windows\\system32\\combase.dll" at 0000000327020000: builtin
77243.723:0020:0024:trace:loaddll:build_module Loaded L"C:\\windows\\system32\\ole32.dll" at 00000002E8F10000: builtin
77243.723:0020:0024:trace:loaddll:build_module Loaded L"C:\\windows\\system32\\shcore.dll" at 00000003126F0000: builtin
77243.723:0020:0024:trace:loaddll:build_module Loaded L"C:\\windows\\system32\\shlwapi.dll" at 00000002E3540000: builtin
77243.723:0020:0024:trace:loaddll:build_module Loaded L"C:\\windows\\system32\\shell32.dll" at 00007F1FD3710000: builtin
77243.782:0020:0024:trace:loaddll:build_module Loaded L"C:\\windows\\system32\\imm32.dll" at 00000003AFD00000: builtin
77243.803:0020:0104:trace:loaddll:build_module Loaded L"C:\\windows\\system32\\winex11.drv" at 00007F1FD1150000: builtin
Setting breakpad minidump AppID = 1509960
Steam_SetMinidumpSteamID:  Caching Steam ID:  76561198012621772 [API loaded no]
77243.812:0020:0108:err:steam:initialize_vr_data Could not load libopenvr_api.so.
77243.812:0020:0108:trace:seh:NtQueryInformationThread (0xfffffffffffffffe,12,0x129fe2c,4,(nil))
77243.829:010c:0110:trace:loaddll:build_module Loaded L"Z:\\home\\touma\\.local\\share\\Steam\\steamapps\\common\\PICO_PARK_ONLINE\\pico_park.exe" at 0000000140000000: native
77243.829:010c:0110:trace:loaddll:build_module Loaded L"C:\\windows\\system32\\kernelbase.dll" at 000000007B000000: builtin
77243.829:010c:0110:trace:loaddll:build_module Loaded L"C:\\windows\\system32\\kernel32.dll" at 000000007B600000: builtin
77243.830:010c:0110:trace:seh:sigsys_handler SIGSYS, rax 0xffff, rip 0x600000000005.
77243.830:010c:0110:trace:seh:install_bpf Seccomp filters already installed.
77243.831:010c:0110:trace:loaddll:build_module Loaded L"C:\\windows\\system32\\msvcrt.dll" at 00000001C8DB0000: builtin
77243.832:010c:0110:trace:loaddll:build_module Loaded L"C:\\windows\\system32\\ucrtbase.dll" at 00000003AF670000: builtin
77243.832:010c:0110:trace:loaddll:build_module Loaded L"C:\\windows\\system32\\sechost.dll" at 000000032A700000: builtin
77243.832:010c:0110:trace:loaddll:build_module Loaded L"C:\\windows\\system32\\ADVAPI32.dll" at 0000000330260000: builtin
77243.833:010c:0110:trace:loaddll:build_module Loaded L"C:\\windows\\system32\\gdi32.dll" at 000000026B4C0000: builtin
77243.834:010c:0110:trace:loaddll:build_module Loaded L"C:\\windows\\system32\\rpcrt4.dll" at 0000000231AE0000: builtin
77243.835:010c:0110:trace:loaddll:build_module Loaded L"C:\\windows\\system32\\version.dll" at 00000002F1FA0000: builtin
77243.835:010c:0110:trace:loaddll:build_module Loaded L"C:\\windows\\system32\\setupapi.dll" at 000000021A7E0000: builtin
77243.835:010c:0110:trace:loaddll:build_module Loaded L"C:\\windows\\system32\\user32.dll" at 000000023D820000: builtin
77243.835:010c:0110:trace:loaddll:build_module Loaded L"C:\\windows\\system32\\combase.dll" at 0000000327020000: builtin
77243.835:010c:0110:trace:loaddll:build_module Loaded L"C:\\windows\\system32\\ole32.dll" at 00000002E8F10000: builtin
77243.835:010c:0110:trace:loaddll:build_module Loaded L"C:\\windows\\system32\\shcore.dll" at 00000003126F0000: builtin
77243.835:010c:0110:trace:loaddll:build_module Loaded L"C:\\windows\\system32\\shlwapi.dll" at 00000002E3540000: builtin
77243.835:010c:0110:trace:loaddll:build_module Loaded L"C:\\windows\\system32\\SHELL32.dll" at 00007FA80CDA0000: builtin
77243.835:010c:0110:trace:loaddll:build_module Loaded L"Z:\\home\\touma\\.local\\share\\Steam\\steamapps\\common\\PICO_PARK_ONLINE\\steam_api64.dll" at 000000013B400000: native
77243.836:010c:0110:trace:loaddll:build_module Loaded L"C:\\windows\\system32\\WS2_32.dll" at 00007FA80CB00000: builtin
77243.837:010c:0110:trace:loaddll:build_module Loaded L"C:\\windows\\system32\\d3dx9_43.dll" at 0000000180000000: native
77243.837:010c:0110:trace:loaddll:build_module Loaded L"C:\\windows\\system32\\vulkan-1.dll" at 00000003785E0000: builtin
77243.837:010c:0110:trace:loaddll:build_module Loaded L"C:\\windows\\system32\\winevulkan.dll" at 00007FA80CA90000: builtin
77243.837:010c:0110:trace:loaddll:build_module Loaded L"C:\\windows\\system32\\d3d9.dll" at 0000000270F60000: native
77243.841:010c:0110:trace:loaddll:build_module Loaded L"C:\\windows\\system32\\imm32.dll" at 00000003AFD00000: builtin
77243.841:010c:0110:trace:loaddll:build_module Loaded L"C:\\windows\\system32\\comctl32.dll" at 00000002BB750000: builtin
77243.841:010c:0110:trace:loaddll:build_module Loaded L"C:\\windows\\system32\\hid.dll" at 00000001F51E0000: builtin
77243.841:010c:0110:trace:loaddll:build_module Loaded L"C:\\windows\\system32\\DINPUT8.dll" at 00007FA80CA20000: builtin
77243.842:010c:0110:trace:loaddll:build_module Loaded L"C:\\windows\\system32\\OLEAUT32.dll" at 00000002739C0000: builtin
77243.843:010c:0110:trace:loaddll:build_module Loaded L"C:\\windows\\system32\\api-ms-win-crt-runtime-l1-1-0.dll" at 0000000262250000: builtin
77243.843:010c:0110:trace:loaddll:build_module Loaded L"C:\\windows\\system32\\api-ms-win-crt-heap-l1-1-0.dll" at 000000039B510000: builtin
77243.843:010c:0110:trace:loaddll:build_module Loaded L"C:\\windows\\system32\\api-ms-win-crt-string-l1-1-0.dll" at 000000033EA00000: builtin
77243.843:010c:0110:trace:loaddll:build_module Loaded L"C:\\windows\\system32\\api-ms-win-crt-stdio-l1-1-0.dll" at 000000030A2C0000: builtin
77243.844:010c:0110:trace:loaddll:build_module Loaded L"C:\\windows\\system32\\api-ms-win-crt-convert-l1-1-0.dll" at 0000000350A30000: builtin
77243.844:010c:0110:trace:loaddll:build_module Loaded L"C:\\windows\\system32\\VCRUNTIME140.dll" at 0000000000640000: native
77243.844:010c:0110:trace:loaddll:build_module Loaded L"C:\\windows\\system32\\api-ms-win-crt-math-l1-1-0.dll" at 0000000360A80000: builtin
77243.844:010c:0110:trace:loaddll:build_module Loaded L"C:\\windows\\system32\\api-ms-win-crt-locale-l1-1-0.dll" at 0000000355100000: builtin
77243.844:010c:0110:trace:loaddll:build_module Loaded L"C:\\windows\\system32\\api-ms-win-crt-time-l1-1-0.dll" at 000000028BA60000: builtin
77243.845:010c:0110:trace:loaddll:build_module Loaded L"C:\\windows\\system32\\api-ms-win-crt-environment-l1-1-0.dll" at 0000000241850000: builtin
77243.845:010c:0110:trace:loaddll:build_module Loaded L"C:\\windows\\system32\\api-ms-win-crt-utility-l1-1-0.dll" at 00000001CD860000: builtin
77243.914:010c:0110:trace:loaddll:build_module Loaded L"C:\\windows\\system32\\api-ms-win-core-synch-l1-2-0.dll" at 000000030C980000: builtin
77243.915:010c:0110:trace:loaddll:build_module Loaded L"C:\\windows\\system32\\api-ms-win-core-fibers-l1-1-1.dll" at 00000001D97A0000: builtin
77243.915:010c:0110:trace:loaddll:build_module Loaded L"C:\\windows\\system32\\api-ms-win-core-localization-l1-2-1.dll" at 0000000351680000: builtin
77243.916:010c:0110:trace:seh:NtQueryInformationThread (0x68,0,0x63ea80,30,(nil))
77243.917:010c:0110:trace:loaddll:build_module Loaded L"C:\\windows\\system32\\winex11.drv" at 00007FA80AB00000: builtin
77243.922:010c:0110:trace:loaddll:build_module Loaded L"C:\\windows\\system32\\uxtheme.dll" at 00000002F7230000: builtin
77243.922:010c:0110:trace:seh:NtSetInformationThread (0xfffffffffffffffe,17,(nil),0)
77244.002:010c:0110:trace:loaddll:build_module Loaded L"C:\\windows\\system32\\lsteamclient.dll" at 00007FA80A5D0000: builtin
77244.002:010c:0110:trace:loaddll:build_module Loaded L"C:\\Program Files (x86)\\Steam\\steamclient64.dll" at 0000000138000000: native
77244.002:010c:0110:warn:debugstr:OutputDebugStringA "[S_API] SteamAPI_Init(): Loaded 'C:\\Program Files (x86)\\Steam\\steamclient64.dll' OK.\n"
77244.002:010c:0110:trace:seh:dispatch_exception code=40010006 flags=0 addr=000000007B01239E ip=000000007B01239E tid=0110
77244.002:010c:0110:trace:seh:dispatch_exception  info[0]=0000000000000056
77244.002:010c:0110:trace:seh:dispatch_exception  info[1]=000000000063cbb0
77244.002:010c:0110:warn:seh:dispatch_exception "[S_API] SteamAPI_Init(): Loaded 'C:\\Program Files (x86)\\Steam\\steamclient64.dll' OK.\n"
77244.002:010c:0110:trace:seh:call_vectored_handlers calling handler at 000000027103F2E0 code=40010006 flags=0
77244.002:010c:0110:trace:seh:call_vectored_handlers handler at 000000027103F2E0 returned 0
77244.002:010c:0110:trace:seh:call_vectored_handlers calling handler at 000000007B00C690 code=40010006 flags=0
77244.002:010c:0110:trace:seh:call_vectored_handlers handler at 000000007B00C690 returned 0
77244.002:010c:0110:trace:seh:RtlVirtualUnwind type 1 rip 000000007B01239E rsp 000000000063C7B0
77244.002:010c:0110:trace:seh:dump_unwind_info **** func 12350-123d7
77244.002:010c:0110:trace:seh:dump_unwind_info unwind info at 000000007B0A6480 flags 0 prolog 0x11 bytes function 000000007B012350-000000007B0123D7
77244.002:010c:0110:trace:seh:dump_unwind_info     0x11: subq $0xc8,%rsp
77244.002:010c:0110:trace:seh:dump_unwind_info     0xa: pushq %rsi
77244.002:010c:0110:trace:seh:dump_unwind_info     0x9: pushq %rdi
77244.002:010c:0110:trace:seh:RtlVirtualUnwind type 1 rip 000000007B613CD3 rsp 000000000063C890
77244.002:010c:0110:trace:seh:dump_unwind_info **** func 13a50-13f48
77244.002:010c:0110:trace:seh:dump_unwind_info unwind info at 000000007B63C384 flags 0 prolog 0x18 bytes function 000000007B613A50-000000007B613F48
77244.002:010c:0110:trace:seh:dump_unwind_info     0x18: subq $0x2a0,%rsp
77244.002:010c:0110:trace:seh:dump_unwind_info     0x11: pushq %rbx
77244.002:010c:0110:trace:seh:dump_unwind_info     0x10: pushq %r12
77244.002:010c:0110:trace:seh:dump_unwind_info     0xe: pushq %r13
77244.002:010c:0110:trace:seh:dump_unwind_info     0xc: pushq %r14
77244.002:010c:0110:trace:seh:dump_unwind_info     0xa: pushq %r15
77244.002:010c:0110:trace:seh:call_stack_handlers found wine frame 000000000063CA00 rsp 000000000063CB60 handler 000000007B6321F0
77244.002:010c:0110:trace:seh:call_teb_handler calling TEB handler 000000007B6321F0 (rec=000000000063C7D0, frame=000000000063CA00 context=000000000063BCF0, dispatch=000000000063BBC0)
77244.002:010c:0110:trace:seh:RtlUnwindEx code=40010006 flags=2 end_frame=000000000063CA00 target_ip=000000007B63218A rip=000000007bc5ad7d
77244.002:010c:0110:trace:seh:RtlUnwindEx  info[0]=0000000000000056
77244.002:010c:0110:trace:seh:RtlUnwindEx  info[1]=000000000063cbb0
77244.002:010c:0110:trace:seh:RtlUnwindEx  rax=000000003ffe0000 rbx=000000000063ca00 rcx=000000000063b5c0 rdx=000000007b63218a
77244.002:010c:0110:trace:seh:RtlUnwindEx  rsi=000000000063b070 rdi=000000000063bcf0 rbp=000000000063bac0 rsp=000000000063af00
77244.002:010c:0110:trace:seh:RtlUnwindEx   r8=000000000063c7d0  r9=000000007b6321c0 r10=000000000063b7b6 r11=0000000000000246
77244.002:010c:0110:trace:seh:RtlUnwindEx  r12=000000000063c7d0 r13=000000000063b5c0 r14=000000000063ca00 r15=000000007bc69930
77244.002:010c:0110:trace:seh:RtlVirtualUnwind type 2 rip 000000007BC5AD7D rsp 000000000063AF00
77244.002:010c:0110:trace:seh:dump_unwind_info **** func 5ad30-5b476
77244.002:010c:0110:trace:seh:dump_unwind_info unwind info at 000000007BC839B4 flags 0 prolog 0x13 bytes function 000000007BC5AD30-000000007BC5B476
77244.002:010c:0110:trace:seh:dump_unwind_info     0x13: subq $0x648,%rsp
77244.002:010c:0110:trace:seh:dump_unwind_info     0xc: pushq %rbx
77244.002:010c:0110:trace:seh:dump_unwind_info     0xb: pushq %rsi
77244.002:010c:0110:trace:seh:dump_unwind_info     0xa: pushq %rdi
77244.002:010c:0110:trace:seh:dump_unwind_info     0x9: pushq %rbp
77244.002:010c:0110:trace:seh:dump_unwind_info     0x8: pushq %r12
77244.002:010c:0110:trace:seh:dump_unwind_info     0x6: pushq %r13
77244.002:010c:0110:trace:seh:dump_unwind_info     0x4: pushq %r14
77244.002:010c:0110:trace:seh:dump_unwind_info     0x2: pushq %r15
77244.002:010c:0110:trace:seh:RtlVirtualUnwind type 2 rip 000000007BC5B49F rsp 000000000063B590
77244.002:010c:0110:trace:seh:dump_unwind_info **** func 5b480-5b4a8
77244.002:010c:0110:trace:seh:dump_unwind_info unwind info at 000000007BC839CC flags 0 prolog 0x7 bytes function 000000007BC5B480-000000007BC5B4A8
77244.002:010c:0110:trace:seh:dump_unwind_info     0x7: subq $0x508,%rsp
77244.002:010c:0110:trace:seh:RtlVirtualUnwind type 2 rip 000000007B63218A rsp 000000000063BAA0
77244.002:010c:0110:trace:seh:dump_unwind_info **** func 32170-3218c
77244.002:010c:0110:trace:seh:dump_unwind_info unwind info at 000000007B63D7E8 flags 0 prolog 0x8 bytes function 000000007B632170-000000007B63218C
77244.002:010c:0110:trace:seh:dump_unwind_info     frame register rbp offset 0x0(%rsp)
77244.002:010c:0110:trace:seh:dump_unwind_info     0x8: subq $0x20,%rsp
77244.002:010c:0110:trace:seh:dump_unwind_info     0x4: leaq 0x0(%rsp),rbp
77244.002:010c:0110:trace:seh:dump_unwind_info     0x1: pushq %rbp
77244.002:010c:0110:trace:seh:RtlVirtualUnwind type 2 rip 000000007B6321B9 rsp 000000000063BAD0
77244.002:010c:0110:trace:seh:dump_unwind_info **** func 32190-321ba
77244.002:010c:0110:trace:seh:dump_unwind_info unwind info at 000000007B63D7F4 flags 0 prolog 0x4 bytes function 000000007B632190-000000007B6321BA
77244.002:010c:0110:trace:seh:dump_unwind_info     0x4: subq $0x28,%rsp
77244.002:010c:0110:trace:seh:RtlVirtualUnwind type 2 rip 000000007B632244 rsp 000000000063BB00
77244.002:010c:0110:trace:seh:dump_unwind_info **** func 321f0-32245
77244.002:010c:0110:trace:seh:dump_unwind_info unwind info at 000000007B63D804 flags 0 prolog 0xa bytes function 000000007B6321F0-000000007B632245
77244.002:010c:0110:trace:seh:dump_unwind_info     0xa: subq $0x30,%rsp
77244.002:010c:0110:trace:seh:dump_unwind_info     0x6: pushq %r12
77244.002:010c:0110:trace:seh:dump_unwind_info     0x4: pushq %r13
77244.002:010c:0110:trace:seh:dump_unwind_info     0x2: pushq %r14
77244.002:010c:0110:trace:seh:RtlVirtualUnwind type 2 rip 000000007BC5A0BD rsp 000000000063BB50
77244.002:010c:0110:trace:seh:dump_unwind_info **** func 59e80-5a391
77244.002:010c:0110:trace:seh:dump_unwind_info unwind info at 000000007BC8395C flags 0 prolog 0x13 bytes function 000000007BC59E80-000000007BC5A391
77244.002:010c:0110:trace:seh:dump_unwind_info     0x13: subq $0x678,%rsp
77244.002:010c:0110:trace:seh:dump_unwind_info     0xc: pushq %rbx
77244.002:010c:0110:trace:seh:dump_unwind_info     0xb: pushq %rsi
77244.002:010c:0110:trace:seh:dump_unwind_info     0xa: pushq %rdi
77244.002:010c:0110:trace:seh:dump_unwind_info     0x9: pushq %rbp
77244.002:010c:0110:trace:seh:dump_unwind_info     0x8: pushq %r12
77244.002:010c:0110:trace:seh:dump_unwind_info     0x6: pushq %r13
77244.002:010c:0110:trace:seh:dump_unwind_info     0x4: pushq %r14
77244.002:010c:0110:trace:seh:dump_unwind_info     0x2: pushq %r15
77244.002:010c:0110:trace:seh:RtlVirtualUnwind type 2 rip 000000007BC5A6A7 rsp 000000000063C210
77244.002:010c:0110:trace:seh:dump_unwind_info **** func 5a3a0-5a8af
77244.002:010c:0110:trace:seh:dump_unwind_info unwind info at 000000007BC83974 flags 0 prolog 0x10 bytes function 000000007BC5A3A0-000000007BC5A8AF
77244.002:010c:0110:trace:seh:dump_unwind_info     0x10: subq $0x58,%rsp
77244.002:010c:0110:trace:seh:dump_unwind_info     0xc: pushq %rbx
77244.002:010c:0110:trace:seh:dump_unwind_info     0xb: pushq %rsi
77244.002:010c:0110:trace:seh:dump_unwind_info     0xa: pushq %rdi
77244.002:010c:0110:trace:seh:dump_unwind_info     0x9: pushq %rbp
77244.002:010c:0110:trace:seh:dump_unwind_info     0x8: pushq %r12
77244.002:010c:0110:trace:seh:dump_unwind_info     0x6: pushq %r13
77244.002:010c:0110:trace:seh:dump_unwind_info     0x4: pushq %r14
77244.002:010c:0110:trace:seh:dump_unwind_info     0x2: pushq %r15
77244.002:010c:0110:trace:seh:RtlVirtualUnwind type 2 rip 000000007BC583D8 rsp 000000000063C2B0
77244.002:010c:0110:trace:seh:dump_unwind_info **** func 58370-583e5
77244.002:010c:0110:trace:seh:dump_unwind_info unwind info at 000000007BC838C8 flags 0 prolog 0x7 bytes function 000000007BC58370-000000007BC583E5
77244.002:010c:0110:trace:seh:dump_unwind_info     0x7: subq $0x4f8,%rsp
77244.002:010c:0110:trace:seh:RtlVirtualUnwind type 2 rip 000000007B01239E rsp 000000000063C7B0
77244.002:010c:0110:trace:seh:dump_unwind_info **** func 12350-123d7
77244.002:010c:0110:trace:seh:dump_unwind_info unwind info at 000000007B0A6480 flags 0 prolog 0x11 bytes function 000000007B012350-000000007B0123D7
77244.002:010c:0110:trace:seh:dump_unwind_info     0x11: subq $0xc8,%rsp
77244.002:010c:0110:trace:seh:dump_unwind_info     0xa: pushq %rsi
77244.002:010c:0110:trace:seh:dump_unwind_info     0x9: pushq %rdi
77244.002:010c:0110:trace:seh:RtlVirtualUnwind type 2 rip 000000007B613CD3 rsp 000000000063C890
77244.002:010c:0110:trace:seh:dump_unwind_info **** func 13a50-13f48
77244.002:010c:0110:trace:seh:dump_unwind_info unwind info at 000000007B63C384 flags 0 prolog 0x18 bytes function 000000007B613A50-000000007B613F48
77244.002:010c:0110:trace:seh:dump_unwind_info     0x18: subq $0x2a0,%rsp
77244.002:010c:0110:trace:seh:dump_unwind_info     0x11: pushq %rbx
77244.002:010c:0110:trace:seh:dump_unwind_info     0x10: pushq %r12
77244.002:010c:0110:trace:seh:dump_unwind_info     0xe: pushq %r13
77244.002:010c:0110:trace:seh:dump_unwind_info     0xc: pushq %r14
77244.002:010c:0110:trace:seh:dump_unwind_info     0xa: pushq %r15
77244.002:010c:0110:trace:seh:RtlRestoreContext returning to 000000007B63218A stack 000000000063C890
77244.140:010c:0110:trace:seh:dispatch_exception code=406d1388 flags=0 addr=000000007B01239E ip=000000007B01239E tid=0110
77244.140:010c:0110:trace:seh:dispatch_exception  info[0]=0000000000001000
77244.140:010c:0110:trace:seh:dispatch_exception  info[1]=00000000011c0af4
77244.140:010c:0110:trace:seh:dispatch_exception  info[2]=0000000000000118
77244.140:010c:0110:warn:seh:dispatch_exception Thread 0118 renamed to "TbFileManager"
77244.140:010c:0110:trace:seh:call_vectored_handlers calling handler at 000000027103F2E0 code=406d1388 flags=0
77244.140:010c:0110:trace:seh:call_vectored_handlers handler at 000000027103F2E0 returned ffffffff
77244.140:010c:0110:trace:seh:NtSetInformationThread (0x98,3,0x63f6dc,4)
77244.140:010c:0110:trace:seh:dispatch_exception code=406d1388 flags=0 addr=000000007B01239E ip=000000007B01239E tid=0110
77244.140:010c:0110:trace:seh:dispatch_exception  info[0]=0000000000001000
77244.140:010c:0110:trace:seh:dispatch_exception  info[1]=00000000011e4994
77244.140:010c:0110:trace:seh:dispatch_exception  info[2]=000000000000011c
77244.140:010c:0110:warn:seh:dispatch_exception Thread 011c renamed to "TbResourceManager"
77244.140:010c:0110:trace:seh:call_vectored_handlers calling handler at 000000027103F2E0 code=406d1388 flags=0
77244.140:010c:0110:trace:seh:call_vectored_handlers handler at 000000027103F2E0 returned ffffffff
77244.140:010c:0110:trace:seh:NtSetInformationThread (0x9c,3,0x63f8bc,4)
77244.140:010c:0110:err:system:EnumDisplaySettingsExW Invalid device name L"".
info:  Game: pico_park.exe
info:  DXVK: v1.9.2
info:  Built-in extension providers:
info:    Win32 WSI
info:    OpenVR
info:    OpenXR
77244.142:010c:0110:trace:loaddll:build_module Loaded L"C:\\windows\\system32\\dxgi.dll" at 00000002EDF00000: native
77244.142:010c:0110:trace:loaddll:build_module Loaded L"C:\\windows\\system32\\wineopenxr.dll" at 00007FA808500000: builtin
77244.143:010c:0110:trace:seh:NtQueryInformationThread (0xb8,0,0x63ecc0,30,(nil))
warn:  OpenXR: Unable to get required Vulkan instance extensions size
info:  Enabled instance extensions:
info:    VK_KHR_get_surface_capabilities2
info:    VK_KHR_surface
info:    VK_KHR_win32_surface
warn:  OpenXR: Unable to get required Vulkan Device extensions size
77244.197:010c:0110:trace:loaddll:free_modref Unloaded module L"C:\\windows\\system32\\wineopenxr.dll" : builtin
77244.197:010c:0110:trace:loaddll:free_modref Unloaded module L"C:\\windows\\system32\\dxgi.dll" : native
info:  D3D9: VK_FORMAT_D16_UNORM_S8_UINT -> VK_FORMAT_D24_UNORM_S8_UINT
info:  NVIDIA GeForce GTX 1080:
info:    Driver: 495.44.0
info:    Vulkan: 1.2.186
info:    Memory Heap[0]: 
info:      Size: 8192 MiB
info:      Flags: 0x1
info:      Memory Type[7]: Property Flags = 0x1
info:    Memory Heap[1]: 
info:      Size: 24036 MiB
info:      Flags: 0x0
info:      Memory Type[0]: Property Flags = 0x0
info:      Memory Type[1]: Property Flags = 0x0
info:      Memory Type[2]: Property Flags = 0x0
info:      Memory Type[3]: Property Flags = 0x0
info:      Memory Type[4]: Property Flags = 0x0
info:      Memory Type[5]: Property Flags = 0x0
info:      Memory Type[6]: Property Flags = 0x0
info:      Memory Type[8]: Property Flags = 0x6
info:      Memory Type[9]: Property Flags = 0xe
info:    Memory Heap[2]: 
info:      Size: 246 MiB
info:      Flags: 0x1
info:      Memory Type[10]: Property Flags = 0x7
info:  Process set as DPI aware
77244.197:010c:0110:warn:debugstr:OutputDebugStringA "[S_API] SteamAPI_Init(): Loaded 'C:\\Program Files (x86)\\Steam\\steamclient64.dll' OK.\n"
77244.197:010c:0110:trace:seh:dispatch_exception code=40010006 flags=0 addr=000000007B01239E ip=000000007B01239E tid=0110
77244.197:010c:0110:trace:seh:dispatch_exception  info[0]=0000000000000056
77244.197:010c:0110:trace:seh:dispatch_exception  info[1]=000000000063ecf0
77244.197:010c:0110:warn:seh:dispatch_exception "[S_API] SteamAPI_Init(): Loaded 'C:\\Program Files (x86)\\Steam\\steamclient64.dll' OK.\n"
77244.197:010c:0110:trace:seh:call_vectored_handlers calling handler at 000000027103F2E0 code=40010006 flags=0
77244.197:010c:0110:trace:seh:call_vectored_handlers handler at 000000027103F2E0 returned 0
77244.197:010c:0110:trace:seh:call_vectored_handlers calling handler at 000000007B00C690 code=40010006 flags=0
77244.197:010c:0110:trace:seh:call_vectored_handlers handler at 000000007B00C690 returned 0
77244.197:010c:0110:trace:seh:RtlVirtualUnwind type 1 rip 000000007B01239E rsp 000000000063E910
77244.197:010c:0110:trace:seh:dump_unwind_info **** func 12350-123d7
77244.197:010c:0110:trace:seh:dump_unwind_info unwind info at 000000007B0A6480 flags 0 prolog 0x11 bytes function 000000007B012350-000000007B0123D7
77244.197:010c:0110:trace:seh:dump_unwind_info     0x11: subq $0xc8,%rsp
77244.197:010c:0110:trace:seh:dump_unwind_info     0xa: pushq %rsi
77244.197:010c:0110:trace:seh:dump_unwind_info     0x9: pushq %rdi
77244.197:010c:0110:trace:seh:RtlVirtualUnwind type 1 rip 000000007B613CD3 rsp 000000000063E9F0
77244.197:010c:0110:trace:seh:dump_unwind_info **** func 13a50-13f48
77244.197:010c:0110:trace:seh:dump_unwind_info unwind info at 000000007B63C384 flags 0 prolog 0x18 bytes function 000000007B613A50-000000007B613F48
77244.197:010c:0110:trace:seh:dump_unwind_info     0x18: subq $0x2a0,%rsp
77244.197:010c:0110:trace:seh:dump_unwind_info     0x11: pushq %rbx
77244.197:010c:0110:trace:seh:dump_unwind_info     0x10: pushq %r12
77244.197:010c:0110:trace:seh:dump_unwind_info     0xe: pushq %r13
77244.197:010c:0110:trace:seh:dump_unwind_info     0xc: pushq %r14
77244.197:010c:0110:trace:seh:dump_unwind_info     0xa: pushq %r15
77244.197:010c:0110:trace:seh:call_stack_handlers found wine frame 000000000063EB60 rsp 000000000063ECC0 handler 000000007B6321F0
77244.197:010c:0110:trace:seh:call_teb_handler calling TEB handler 000000007B6321F0 (rec=000000000063E930, frame=000000000063EB60 context=000000000063DE50, dispatch=000000000063DD20)
77244.197:010c:0110:trace:seh:RtlUnwindEx code=40010006 flags=2 end_frame=000000000063EB60 target_ip=000000007B63218A rip=000000007bc5ad7d
77244.197:010c:0110:trace:seh:RtlUnwindEx  info[0]=0000000000000056
77244.197:010c:0110:trace:seh:RtlUnwindEx  info[1]=000000000063ecf0
77244.197:010c:0110:trace:seh:RtlUnwindEx  rax=000000003ffe0000 rbx=000000000063eb60 rcx=000000000063d720 rdx=000000007b63218a
77244.197:010c:0110:trace:seh:RtlUnwindEx  rsi=000000000063d1d0 rdi=000000000063de50 rbp=000000000063dc20 rsp=000000000063d060
77244.197:010c:0110:trace:seh:RtlUnwindEx   r8=000000000063e930  r9=000000007b6321c0 r10=000000000063d916 r11=0000000000000293
77244.197:010c:0110:trace:seh:RtlUnwindEx  r12=000000000063e930 r13=000000000063d720 r14=000000000063eb60 r15=000000007bc69930
77244.197:010c:0110:trace:seh:RtlVirtualUnwind type 2 rip 000000007BC5AD7D rsp 000000000063D060
77244.197:010c:0110:trace:seh:dump_unwind_info **** func 5ad30-5b476
77244.197:010c:0110:trace:seh:dump_unwind_info unwind info at 000000007BC839B4 flags 0 prolog 0x13 bytes function 000000007BC5AD30-000000007BC5B476
77244.197:010c:0110:trace:seh:dump_unwind_info     0x13: subq $0x648,%rsp
77244.197:010c:0110:trace:seh:dump_unwind_info     0xc: pushq %rbx
77244.197:010c:0110:trace:seh:dump_unwind_info     0xb: pushq %rsi
77244.197:010c:0110:trace:seh:dump_unwind_info     0xa: pushq %rdi
77244.197:010c:0110:trace:seh:dump_unwind_info     0x9: pushq %rbp
77244.197:010c:0110:trace:seh:dump_unwind_info     0x8: pushq %r12
77244.197:010c:0110:trace:seh:dump_unwind_info     0x6: pushq %r13
77244.197:010c:0110:trace:seh:dump_unwind_info     0x4: pushq %r14
77244.197:010c:0110:trace:seh:dump_unwind_info     0x2: pushq %r15
77244.197:010c:0110:trace:seh:RtlVirtualUnwind type 2 rip 000000007BC5B49F rsp 000000000063D6F0
77244.197:010c:0110:trace:seh:dump_unwind_info **** func 5b480-5b4a8
77244.197:010c:0110:trace:seh:dump_unwind_info unwind info at 000000007BC839CC flags 0 prolog 0x7 bytes function 000000007BC5B480-000000007BC5B4A8
77244.197:010c:0110:trace:seh:dump_unwind_info     0x7: subq $0x508,%rsp
77244.197:010c:0110:trace:seh:RtlVirtualUnwind type 2 rip 000000007B63218A rsp 000000000063DC00
77244.197:010c:0110:trace:seh:dump_unwind_info **** func 32170-3218c
77244.197:010c:0110:trace:seh:dump_unwind_info unwind info at 000000007B63D7E8 flags 0 prolog 0x8 bytes function 000000007B632170-000000007B63218C
77244.197:010c:0110:trace:seh:dump_unwind_info     frame register rbp offset 0x0(%rsp)
77244.197:010c:0110:trace:seh:dump_unwind_info     0x8: subq $0x20,%rsp
77244.197:010c:0110:trace:seh:dump_unwind_info     0x4: leaq 0x0(%rsp),rbp
77244.197:010c:0110:trace:seh:dump_unwind_info     0x1: pushq %rbp
77244.197:010c:0110:trace:seh:RtlVirtualUnwind type 2 rip 000000007B6321B9 rsp 000000000063DC30
77244.197:010c:0110:trace:seh:dump_unwind_info **** func 32190-321ba
77244.197:010c:0110:trace:seh:dump_unwind_info unwind info at 000000007B63D7F4 flags 0 prolog 0x4 bytes function 000000007B632190-000000007B6321BA
77244.197:010c:0110:trace:seh:dump_unwind_info     0x4: subq $0x28,%rsp
77244.197:010c:0110:trace:seh:RtlVirtualUnwind type 2 rip 000000007B632244 rsp 000000000063DC60
77244.197:010c:0110:trace:seh:dump_unwind_info **** func 321f0-32245
77244.197:010c:0110:trace:seh:dump_unwind_info unwind info at 000000007B63D804 flags 0 prolog 0xa bytes function 000000007B6321F0-000000007B632245
77244.197:010c:0110:trace:seh:dump_unwind_info     0xa: subq $0x30,%rsp
77244.197:010c:0110:trace:seh:dump_unwind_info     0x6: pushq %r12
77244.197:010c:0110:trace:seh:dump_unwind_info     0x4: pushq %r13
77244.197:010c:0110:trace:seh:dump_unwind_info     0x2: pushq %r14
77244.197:010c:0110:trace:seh:RtlVirtualUnwind type 2 rip 000000007BC5A0BD rsp 000000000063DCB0
77244.197:010c:0110:trace:seh:dump_unwind_info **** func 59e80-5a391
77244.197:010c:0110:trace:seh:dump_unwind_info unwind info at 000000007BC8395C flags 0 prolog 0x13 bytes function 000000007BC59E80-000000007BC5A391
77244.197:010c:0110:trace:seh:dump_unwind_info     0x13: subq $0x678,%rsp
77244.197:010c:0110:trace:seh:dump_unwind_info     0xc: pushq %rbx
77244.197:010c:0110:trace:seh:dump_unwind_info     0xb: pushq %rsi
77244.197:010c:0110:trace:seh:dump_unwind_info     0xa: pushq %rdi
77244.197:010c:0110:trace:seh:dump_unwind_info     0x9: pushq %rbp
77244.197:010c:0110:trace:seh:dump_unwind_info     0x8: pushq %r12
77244.197:010c:0110:trace:seh:dump_unwind_info     0x6: pushq %r13
77244.197:010c:0110:trace:seh:dump_unwind_info     0x4: pushq %r14
77244.197:010c:0110:trace:seh:dump_unwind_info     0x2: pushq %r15
77244.197:010c:0110:trace:seh:RtlVirtualUnwind type 2 rip 000000007BC5A6A7 rsp 000000000063E370
77244.197:010c:0110:trace:seh:dump_unwind_info **** func 5a3a0-5a8af
77244.197:010c:0110:trace:seh:dump_unwind_info unwind info at 000000007BC83974 flags 0 prolog 0x10 bytes function 000000007BC5A3A0-000000007BC5A8AF
77244.197:010c:0110:trace:seh:dump_unwind_info     0x10: subq $0x58,%rsp
77244.197:010c:0110:trace:seh:dump_unwind_info     0xc: pushq %rbx
77244.197:010c:0110:trace:seh:dump_unwind_info     0xb: pushq %rsi
77244.197:010c:0110:trace:seh:dump_unwind_info     0xa: pushq %rdi
77244.197:010c:0110:trace:seh:dump_unwind_info     0x9: pushq %rbp
77244.197:010c:0110:trace:seh:dump_unwind_info     0x8: pushq %r12
77244.197:010c:0110:trace:seh:dump_unwind_info     0x6: pushq %r13
77244.197:010c:0110:trace:seh:dump_unwind_info     0x4: pushq %r14
77244.197:010c:0110:trace:seh:dump_unwind_info     0x2: pushq %r15
77244.197:010c:0110:trace:seh:RtlVirtualUnwind type 2 rip 000000007BC583D8 rsp 000000000063E410
77244.197:010c:0110:trace:seh:dump_unwind_info **** func 58370-583e5
77244.197:010c:0110:trace:seh:dump_unwind_info unwind info at 000000007BC838C8 flags 0 prolog 0x7 bytes function 000000007BC58370-000000007BC583E5
77244.197:010c:0110:trace:seh:dump_unwind_info     0x7: subq $0x4f8,%rsp
77244.197:010c:0110:trace:seh:RtlVirtualUnwind type 2 rip 000000007B01239E rsp 000000000063E910
77244.197:010c:0110:trace:seh:dump_unwind_info **** func 12350-123d7
77244.197:010c:0110:trace:seh:dump_unwind_info unwind info at 000000007B0A6480 flags 0 prolog 0x11 bytes function 000000007B012350-000000007B0123D7
77244.197:010c:0110:trace:seh:dump_unwind_info     0x11: subq $0xc8,%rsp
77244.197:010c:0110:trace:seh:dump_unwind_info     0xa: pushq %rsi
77244.197:010c:0110:trace:seh:dump_unwind_info     0x9: pushq %rdi
77244.197:010c:0110:trace:seh:RtlVirtualUnwind type 2 rip 000000007B613CD3 rsp 000000000063E9F0
77244.197:010c:0110:trace:seh:dump_unwind_info **** func 13a50-13f48
77244.197:010c:0110:trace:seh:dump_unwind_info unwind info at 000000007B63C384 flags 0 prolog 0x18 bytes function 000000007B613A50-000000007B613F48
77244.197:010c:0110:trace:seh:dump_unwind_info     0x18: subq $0x2a0,%rsp
77244.197:010c:0110:trace:seh:dump_unwind_info     0x11: pushq %rbx
77244.197:010c:0110:trace:seh:dump_unwind_info     0x10: pushq %r12
77244.197:010c:0110:trace:seh:dump_unwind_info     0xe: pushq %r13
77244.197:010c:0110:trace:seh:dump_unwind_info     0xc: pushq %r14
77244.197:010c:0110:trace:seh:dump_unwind_info     0xa: pushq %r15
77244.197:010c:0110:trace:seh:RtlRestoreContext returning to 000000007B63218A stack 000000000063E9F0
77244.205:010c:0110:trace:loaddll:build_module Loaded L"C:\\Program Files (x86)\\Steam\\gameoverlayrenderer64.dll" at 0000000022500000: native
77244.211:010c:0110:trace:seh:dispatch_exception code=406d1388 flags=0 addr=000000007B01239E ip=000000007B01239E tid=0110
77244.211:010c:0110:trace:seh:dispatch_exception  info[0]=0000000000001000
77244.211:010c:0110:trace:seh:dispatch_exception  info[1]=000000000122af9c
77244.211:010c:0110:trace:seh:dispatch_exception  info[2]=0000000000000124
77244.211:010c:0110:warn:seh:dispatch_exception Thread 0124 renamed to "TbNetManager"
77244.211:010c:0110:trace:seh:call_vectored_handlers calling handler at 000000027103F2E0 code=406d1388 flags=0
77244.211:010c:0110:trace:seh:call_vectored_handlers handler at 000000027103F2E0 returned ffffffff
77244.211:010c:0110:trace:seh:NtSetInformationThread (0xdc,3,0x63f6cc,4)
77244.211:010c:0110:trace:seh:dispatch_exception code=c0000005 flags=0 addr=00000001400FD795 ip=00000001400FD795 tid=0110
77244.211:010c:0110:trace:seh:dispatch_exception  info[0]=0000000000000000
77244.211:010c:0110:trace:seh:dispatch_exception  info[1]=0000000000000000
77244.211:010c:0110:warn:seh:dispatch_exception EXCEPTION_ACCESS_VIOLATION exception (code=c0000005) raised
77244.211:010c:0110:trace:seh:dispatch_exception  rax=0000000000000001 rbx=0000000001224fb8 rcx=0000000000000000 rdx=000000000000001b
77244.211:010c:0110:trace:seh:dispatch_exception  rsi=00000000011e4bc0 rdi=00000000011e4bc0 rbp=0000000000000000 rsp=000000000063fb70
77244.211:010c:0110:trace:seh:dispatch_exception   r8=0000000000000000  r9=00000000401073b0 r10=00000000000001f8 r11=000000000122d478
77244.211:010c:0110:trace:seh:dispatch_exception  r12=0000000000000000 r13=0000000000000000 r14=0000000000000000 r15=0000000000000000
77244.211:010c:0110:trace:seh:call_vectored_handlers calling handler at 000000027103F2E0 code=c0000005 flags=0
77244.211:010c:0110:trace:seh:call_vectored_handlers handler at 000000027103F2E0 returned 0
77244.211:010c:0110:trace:seh:call_vectored_handlers calling handler at 000000007B00C690 code=c0000005 flags=0
77244.211:010c:0110:trace:seh:call_vectored_handlers handler at 000000007B00C690 returned 0
77244.211:010c:0110:trace:seh:RtlVirtualUnwind type 1 rip 00000001400FD795 rsp 000000000063FB70
77244.211:010c:0110:trace:seh:dump_unwind_info **** func fd760-fd7b7
77244.211:010c:0110:trace:seh:dump_unwind_info unwind info at 000000014026A638 flags 0 prolog 0xa bytes function 00000001400FD760-00000001400FD7B7
77244.211:010c:0110:trace:seh:dump_unwind_info     0xa: movq %rbx,0x38(%rsp)
77244.211:010c:0110:trace:seh:dump_unwind_info     0xa: subq $0x20,%rsp
77244.211:010c:0110:trace:seh:dump_unwind_info     0x6: pushq %rsi
77244.211:010c:0110:trace:seh:RtlVirtualUnwind type 1 rip 000000014005BB67 rsp 000000000063FBA0
77244.211:010c:0110:trace:seh:dump_unwind_info **** func 5b9f0-5bc09
77244.211:010c:0110:trace:seh:dump_unwind_info unwind info at 0000000140250C28 flags 3 prolog 0x31 bytes function 000000014005B9F0-000000014005BC09
77244.211:010c:0110:trace:seh:dump_unwind_info     0x1f: movq %rbp,0x128(%rsp)
77244.211:010c:0110:trace:seh:dump_unwind_info     0x1b: movq %rbx,0x120(%rsp)
77244.211:010c:0110:trace:seh:dump_unwind_info     0xe: subq $0xf0,%rsp
77244.211:010c:0110:trace:seh:dump_unwind_info     0x7: pushq %r14
77244.211:010c:0110:trace:seh:dump_unwind_info     0x5: pushq %rdi
77244.211:010c:0110:trace:seh:dump_unwind_info     0x4: pushq %rsi
77244.211:010c:0110:trace:seh:dump_unwind_info     handler 000000014016B664 data at 0000000140250C44
77244.211:010c:0110:trace:seh:call_handler calling handler 000000014016B664 (rec=000000000063F960, frame=000000000063FBA0 context=000000000063EEB0, dispatch=000000000063ED80)
77244.211:010c:0110:trace:seh:call_handler handler at 000000014016B664 returned 1
77244.211:010c:0110:trace:seh:RtlVirtualUnwind type 1 rip 000000014010AB29 rsp 000000000063FCB0
77244.211:010c:0110:trace:seh:dump_unwind_info **** func 10aabd-10ab40
77244.211:010c:0110:trace:seh:dump_unwind_info unwind info at 000000014026CDC4 flags 4 prolog 0xb bytes function 000000014010AABD-000000014010AB40
77244.211:010c:0110:trace:seh:dump_unwind_info     0xb: movq %r14,0x138(%rsp)
77244.211:010c:0110:trace:seh:dump_unwind_info     0x4: movq %rbx,0x150(%rsp)
77244.211:010c:0110:trace:seh:dump_unwind_info     chained to function 000000014010AAA0-000000014010AABD
77244.211:010c:0110:trace:seh:dump_unwind_info unwind info at 000000014026CDB0 flags 3 prolog 0x1d bytes function 000000014010AAA0-000000014010AABD
77244.211:010c:0110:trace:seh:dump_unwind_info     0xf: subq $0x140,%rsp
77244.211:010c:0110:trace:seh:dump_unwind_info     0x4: pushq %rbp
77244.211:010c:0110:trace:seh:dump_unwind_info     handler 000000014016B5E8 data at 000000014026CDC0
77244.211:010c:0110:trace:seh:call_handler calling handler 000000014016B5E8 (rec=000000000063F960, frame=000000000063FCB0 context=000000000063EEB0, dispatch=000000000063ED80)
77244.211:010c:0110:trace:seh:call_handler handler at 000000014016B5E8 returned 1
77244.211:010c:0110:trace:seh:RtlVirtualUnwind type 1 rip 000000014017CB8F rsp 000000000063FE00
77244.211:010c:0110:trace:seh:dump_unwind_info **** func 17ca78-17cbe4
77244.211:010c:0110:trace:seh:dump_unwind_info unwind info at 000000014027C434 flags 1 prolog 0xa bytes function 000000014017CA78-000000014017CBE4
77244.211:010c:0110:trace:seh:dump_unwind_info     0xa: movq %rbx,0x40(%rsp)
77244.211:010c:0110:trace:seh:dump_unwind_info     0xa: subq $0x30,%rsp
77244.211:010c:0110:trace:seh:dump_unwind_info     0x6: pushq %rdi
77244.211:010c:0110:trace:seh:dump_unwind_info     handler 000000014017CE1E data at 000000014027C444
77244.211:010c:0110:trace:seh:call_handler calling handler 000000014017CE1E (rec=000000000063F960, frame=000000000063FE00 context=000000000063EEB0, dispatch=000000000063ED80)
77244.211:010c:0110:trace:seh:_XcptFilter (c0000005,000000000063ECA0)
77244.211:010c:0110:trace:seh:call_handler handler at 000000014017CE1E returned 1
77244.211:010c:0110:trace:seh:RtlVirtualUnwind type 1 rip 000000007B62C9A9 rsp 000000000063FE40
77244.211:010c:0110:trace:seh:dump_unwind_info **** func 2c9a0-2c9b2
77244.211:010c:0110:trace:seh:dump_unwind_info unwind info at 000000007B63D4DC flags 0 prolog 0x4 bytes function 000000007B62C9A0-000000007B62C9B2
77244.211:010c:0110:trace:seh:dump_unwind_info     0x4: subq $0x28,%rsp
77244.211:010c:0110:trace:seh:RtlVirtualUnwind type 1 rip 000000007BC5E5E3 rsp 000000000063FE70
77244.211:010c:0110:trace:seh:dump_unwind_info **** func 5e560-5e663
77244.211:010c:0110:trace:seh:dump_unwind_info unwind info at 000000007BC83C8C flags 0 prolog 0x7 bytes function 000000007BC5E560-000000007BC5E663
77244.211:010c:0110:trace:seh:dump_unwind_info     0x7: subq $0x168,%rsp
77244.211:010c:0110:trace:seh:call_stack_handlers found wine frame 000000000063FEA0 rsp 000000000063FFE0 handler 000000007BC684C0
77244.211:010c:0110:trace:seh:call_teb_handler calling TEB handler 000000007BC684C0 (rec=000000000063F960, frame=000000000063FEA0 context=000000000063EEB0, dispatch=000000000063ED80)
77244.212:010c:0110:trace:loaddll:build_module Loaded L"C:\\windows\\system32\\DbgHelp.dll" at 00000003BE590000: builtin
77244.334:010c:0110:trace:seh:NtQueryInformationThread (0xec,0,0x63d650,30,(nil))
77244.334:010c:0110:trace:seh:NtQueryInformationThread (0xec,0,0x63d650,30,(nil))
77244.334:010c:0110:trace:seh:NtQueryInformationThread (0xec,0,0x63d650,30,(nil))
77244.334:010c:0110:trace:seh:NtQueryInformationThread (0xec,0,0x63d650,30,(nil))
77244.334:010c:0110:trace:seh:NtQueryInformationThread (0xec,0,0x63d650,30,(nil))
77245.560:010c:0110:trace:seh:RtlUnwindEx code=c0000005 flags=2 end_frame=000000000063FEA0 target_ip=000000007BC6845A rip=000000007bc5ad7d
77245.560:010c:0110:trace:seh:RtlUnwindEx  info[0]=0000000000000000
77245.560:010c:0110:trace:seh:RtlUnwindEx  info[1]=0000000000000000
77245.560:010c:0110:trace:seh:RtlUnwindEx  rax=000000003ffe0000 rbx=000000000063fea0 rcx=000000000063e780 rdx=000000007bc6845a
77245.560:010c:0110:trace:seh:RtlUnwindEx  rsi=000000000063e230 rdi=000000000063eeb0 rbp=000000000063ec80 rsp=000000000063e0c0
77245.560:010c:0110:trace:seh:RtlUnwindEx   r8=000000000063f960  r9=000000007bc68490 r10=0000000000000008 r11=000000000063e990
77245.560:010c:0110:trace:seh:RtlUnwindEx  r12=000000000063f960 r13=000000000063e780 r14=000000000063fea0 r15=000000007bc69930
77245.560:010c:0110:trace:seh:RtlVirtualUnwind type 2 rip 000000007BC5AD7D rsp 000000000063E0C0
77245.560:010c:0110:trace:seh:dump_unwind_info **** func 5ad30-5b476
77245.560:010c:0110:trace:seh:dump_unwind_info unwind info at 000000007BC839B4 flags 0 prolog 0x13 bytes function 000000007BC5AD30-000000007BC5B476
77245.560:010c:0110:trace:seh:dump_unwind_info     0x13: subq $0x648,%rsp
77245.560:010c:0110:trace:seh:dump_unwind_info     0xc: pushq %rbx
77245.560:010c:0110:trace:seh:dump_unwind_info     0xb: pushq %rsi
77245.560:010c:0110:trace:seh:dump_unwind_info     0xa: pushq %rdi
77245.560:010c:0110:trace:seh:dump_unwind_info     0x9: pushq %rbp
77245.560:010c:0110:trace:seh:dump_unwind_info     0x8: pushq %r12
77245.560:010c:0110:trace:seh:dump_unwind_info     0x6: pushq %r13
77245.560:010c:0110:trace:seh:dump_unwind_info     0x4: pushq %r14
77245.560:010c:0110:trace:seh:dump_unwind_info     0x2: pushq %r15
77245.560:010c:0110:trace:seh:RtlVirtualUnwind type 2 rip 000000007BC5B49F rsp 000000000063E750
77245.560:010c:0110:trace:seh:dump_unwind_info **** func 5b480-5b4a8
77245.560:010c:0110:trace:seh:dump_unwind_info unwind info at 000000007BC839CC flags 0 prolog 0x7 bytes function 000000007BC5B480-000000007BC5B4A8
77245.560:010c:0110:trace:seh:dump_unwind_info     0x7: subq $0x508,%rsp
77245.560:010c:0110:trace:seh:RtlVirtualUnwind type 2 rip 000000007BC6845A rsp 000000000063EC60
77245.560:010c:0110:trace:seh:dump_unwind_info **** func 68440-6845c
77245.560:010c:0110:trace:seh:dump_unwind_info unwind info at 000000007BC84360 flags 0 prolog 0x8 bytes function 000000007BC68440-000000007BC6845C
77245.560:010c:0110:trace:seh:dump_unwind_info     frame register rbp offset 0x0(%rsp)
77245.560:010c:0110:trace:seh:dump_unwind_info     0x8: subq $0x20,%rsp
77245.560:010c:0110:trace:seh:dump_unwind_info     0x4: leaq 0x0(%rsp),rbp
77245.560:010c:0110:trace:seh:dump_unwind_info     0x1: pushq %rbp
77245.560:010c:0110:trace:seh:RtlVirtualUnwind type 2 rip 000000007BC68489 rsp 000000000063EC90
77245.560:010c:0110:trace:seh:dump_unwind_info **** func 68460-6848a
77245.560:010c:0110:trace:seh:dump_unwind_info unwind info at 000000007BC8436C flags 0 prolog 0x4 bytes function 000000007BC68460-000000007BC6848A
77245.560:010c:0110:trace:seh:dump_unwind_info     0x4: subq $0x28,%rsp
77245.560:010c:0110:trace:seh:RtlVirtualUnwind type 2 rip 000000007BC68514 rsp 000000000063ECC0
77245.560:010c:0110:trace:seh:dump_unwind_info **** func 684c0-68515
77245.560:010c:0110:trace:seh:dump_unwind_info unwind info at 000000007BC8437C flags 0 prolog 0xa bytes function 000000007BC684C0-000000007BC68515
77245.560:010c:0110:trace:seh:dump_unwind_info     0xa: subq $0x30,%rsp
77245.560:010c:0110:trace:seh:dump_unwind_info     0x6: pushq %r12
77245.560:010c:0110:trace:seh:dump_unwind_info     0x4: pushq %r13
77245.560:010c:0110:trace:seh:dump_unwind_info     0x2: pushq %r14
77245.560:010c:0110:trace:seh:RtlVirtualUnwind type 2 rip 000000007BC5A0BD rsp 000000000063ED10
77245.560:010c:0110:trace:seh:dump_unwind_info **** func 59e80-5a391
77245.560:010c:0110:trace:seh:dump_unwind_info unwind info at 000000007BC8395C flags 0 prolog 0x13 bytes function 000000007BC59E80-000000007BC5A391
77245.560:010c:0110:trace:seh:dump_unwind_info     0x13: subq $0x678,%rsp
77245.560:010c:0110:trace:seh:dump_unwind_info     0xc: pushq %rbx
77245.560:010c:0110:trace:seh:dump_unwind_info     0xb: pushq %rsi
77245.560:010c:0110:trace:seh:dump_unwind_info     0xa: pushq %rdi
77245.560:010c:0110:trace:seh:dump_unwind_info     0x9: pushq %rbp
77245.560:010c:0110:trace:seh:dump_unwind_info     0x8: pushq %r12
77245.560:010c:0110:trace:seh:dump_unwind_info     0x6: pushq %r13
77245.560:010c:0110:trace:seh:dump_unwind_info     0x4: pushq %r14
77245.560:010c:0110:trace:seh:dump_unwind_info     0x2: pushq %r15
77245.560:010c:0110:trace:seh:RtlVirtualUnwind type 2 rip 000000007BC5A6A7 rsp 000000000063F3D0
77245.560:010c:0110:trace:seh:dump_unwind_info **** func 5a3a0-5a8af
77245.560:010c:0110:trace:seh:dump_unwind_info unwind info at 000000007BC83974 flags 0 prolog 0x10 bytes function 000000007BC5A3A0-000000007BC5A8AF
77245.560:010c:0110:trace:seh:dump_unwind_info     0x10: subq $0x58,%rsp
77245.560:010c:0110:trace:seh:dump_unwind_info     0xc: pushq %rbx
77245.560:010c:0110:trace:seh:dump_unwind_info     0xb: pushq %rsi
77245.560:010c:0110:trace:seh:dump_unwind_info     0xa: pushq %rdi
77245.560:010c:0110:trace:seh:dump_unwind_info     0x9: pushq %rbp
77245.560:010c:0110:trace:seh:dump_unwind_info     0x8: pushq %r12
77245.560:010c:0110:trace:seh:dump_unwind_info     0x6: pushq %r13
77245.560:010c:0110:trace:seh:dump_unwind_info     0x4: pushq %r14
77245.560:010c:0110:trace:seh:dump_unwind_info     0x2: pushq %r15
77245.560:010c:0110:trace:seh:RtlVirtualUnwind type 2 rip 000000007BC58280 rsp 000000000063F470
77245.560:010c:0110:trace:seh:dump_unwind_info **** func 5824c-58281
77245.560:010c:0110:trace:seh:dump_unwind_info unwind info at 000000007BC83854 flags 0 prolog 0x2f bytes function 000000007BC5824C-000000007BC58281
77245.560:010c:0110:trace:seh:dump_unwind_info     frame register rbp offset 0x0(%rsp)
77245.560:010c:0110:trace:seh:dump_unwind_info     0x2f: leaq 0x0(%rsp),rbp
77245.560:010c:0110:trace:seh:dump_unwind_info     0x2f: pushq %rsi
77245.560:010c:0110:trace:seh:dump_unwind_info     0x2f: pushq %rdi
77245.560:010c:0110:trace:seh:dump_unwind_info     0x2f: pushq %rbp
77245.560:010c:0110:trace:seh:RtlVirtualUnwind type 2 rip 00000001400FD795 rsp 000000000063FB70
77245.560:010c:0110:trace:seh:dump_unwind_info **** func fd760-fd7b7
77245.560:010c:0110:trace:seh:dump_unwind_info unwind info at 000000014026A638 flags 0 prolog 0xa bytes function 00000001400FD760-00000001400FD7B7
77245.560:010c:0110:trace:seh:dump_unwind_info     0xa: movq %rbx,0x38(%rsp)
77245.560:010c:0110:trace:seh:dump_unwind_info     0xa: subq $0x20,%rsp
77245.560:010c:0110:trace:seh:dump_unwind_info     0x6: pushq %rsi
77245.560:010c:0110:trace:seh:RtlVirtualUnwind type 2 rip 000000014005BB67 rsp 000000000063FBA0
77245.560:010c:0110:trace:seh:dump_unwind_info **** func 5b9f0-5bc09
77245.560:010c:0110:trace:seh:dump_unwind_info unwind info at 0000000140250C28 flags 3 prolog 0x31 bytes function 000000014005B9F0-000000014005BC09
77245.560:010c:0110:trace:seh:dump_unwind_info     0x1f: movq %rbp,0x128(%rsp)
77245.560:010c:0110:trace:seh:dump_unwind_info     0x1b: movq %rbx,0x120(%rsp)
77245.560:010c:0110:trace:seh:dump_unwind_info     0xe: subq $0xf0,%rsp
77245.560:010c:0110:trace:seh:dump_unwind_info     0x7: pushq %r14
77245.560:010c:0110:trace:seh:dump_unwind_info     0x5: pushq %rdi
77245.560:010c:0110:trace:seh:dump_unwind_info     0x4: pushq %rsi
77245.560:010c:0110:trace:seh:dump_unwind_info     handler 000000014016B664 data at 0000000140250C44
77245.560:010c:0110:trace:seh:call_unwind_handler calling handler 000000014016B664 (rec=000000000063F960, frame=000000000063FBA0 context=000000000063E780, dispatch=000000000063E140)
77245.560:010c:0110:trace:seh:call_unwind_handler handler 000000014016B664 returned 1
77245.560:010c:0110:trace:seh:RtlVirtualUnwind type 2 rip 000000014010AB29 rsp 000000000063FCB0
77245.560:010c:0110:trace:seh:dump_unwind_info **** func 10aabd-10ab40
77245.560:010c:0110:trace:seh:dump_unwind_info unwind info at 000000014026CDC4 flags 4 prolog 0xb bytes function 000000014010AABD-000000014010AB40
77245.560:010c:0110:trace:seh:dump_unwind_info     0xb: movq %r14,0x138(%rsp)
77245.560:010c:0110:trace:seh:dump_unwind_info     0x4: movq %rbx,0x150(%rsp)
77245.560:010c:0110:trace:seh:dump_unwind_info     chained to function 000000014010AAA0-000000014010AABD
77245.560:010c:0110:trace:seh:dump_unwind_info unwind info at 000000014026CDB0 flags 3 prolog 0x1d bytes function 000000014010AAA0-000000014010AABD
77245.560:010c:0110:trace:seh:dump_unwind_info     0xf: subq $0x140,%rsp
77245.560:010c:0110:trace:seh:dump_unwind_info     0x4: pushq %rbp
77245.560:010c:0110:trace:seh:dump_unwind_info     handler 000000014016B5E8 data at 000000014026CDC0
77245.560:010c:0110:trace:seh:call_unwind_handler calling handler 000000014016B5E8 (rec=000000000063F960, frame=000000000063FCB0 context=000000000063E780, dispatch=000000000063E140)
77245.560:010c:0110:trace:seh:call_unwind_handler handler 000000014016B5E8 returned 1
77245.560:010c:0110:trace:seh:RtlVirtualUnwind type 2 rip 000000014017CB8F rsp 000000000063FE00
77245.560:010c:0110:trace:seh:dump_unwind_info **** func 17ca78-17cbe4
77245.560:010c:0110:trace:seh:dump_unwind_info unwind info at 000000014027C434 flags 1 prolog 0xa bytes function 000000014017CA78-000000014017CBE4
77245.560:010c:0110:trace:seh:dump_unwind_info     0xa: movq %rbx,0x40(%rsp)
77245.560:010c:0110:trace:seh:dump_unwind_info     0xa: subq $0x30,%rsp
77245.560:010c:0110:trace:seh:dump_unwind_info     0x6: pushq %rdi
77245.560:010c:0110:trace:seh:dump_unwind_info     handler 000000014017CE1E data at 000000014027C444
77245.560:010c:0110:trace:seh:RtlVirtualUnwind type 2 rip 000000007B62C9A9 rsp 000000000063FE40
77245.560:010c:0110:trace:seh:dump_unwind_info **** func 2c9a0-2c9b2
77245.560:010c:0110:trace:seh:dump_unwind_info unwind info at 000000007B63D4DC flags 0 prolog 0x4 bytes function 000000007B62C9A0-000000007B62C9B2
77245.560:010c:0110:trace:seh:dump_unwind_info     0x4: subq $0x28,%rsp
77245.560:010c:0110:trace:seh:RtlVirtualUnwind type 2 rip 000000007BC5E5E3 rsp 000000000063FE70
77245.560:010c:0110:trace:seh:dump_unwind_info **** func 5e560-5e663
77245.560:010c:0110:trace:seh:dump_unwind_info unwind info at 000000007BC83C8C flags 0 prolog 0x7 bytes function 000000007BC5E560-000000007BC5E663
77245.560:010c:0110:trace:seh:dump_unwind_info     0x7: subq $0x168,%rsp
77245.560:010c:0110:trace:seh:RtlRestoreContext returning to 000000007BC6845A stack 000000000063FE70
77246.567:00d4:00f4:trace:seh:NtQueryInformationThread (0xfffffffffffffffe,12,0x274fe2c,4,(nil))
77247.568:00b8:0100:trace:seh:NtQueryInformationThread (0xfffffffffffffffe,12,0x15cfe2c,4,(nil))
77247.569:00b8:00fc:trace:seh:NtQueryInformationThread (0xfffffffffffffffe,12,0xfafe2c,4,(nil))
77247.570:0030:00ac:trace:seh:NtQueryInformationThread (0xfffffffffffffffe,12,0x397fe2c,4,(nil))
77247.570:00d4:00ec:trace:seh:NtQueryInformationThread (0xfffffffffffffffe,12,0x1b2fe2c,4,(nil))
77247.570:00d4:00f0:trace:seh:NtQueryInformationThread (0xfffffffffffffffe,12,0x213fe2c,4,(nil))
77247.570:005c:0090:trace:seh:NtQueryInformationThread (0xfffffffffffffffe,12,0x219fe2c,4,(nil))
77247.570:005c:0070:trace:seh:NtQueryInformationThread (0xfffffffffffffffe,12,0x1b8fe2c,4,(nil))
77247.571:0074:00a0:trace:seh:NtQueryInformationThread (0xfffffffffffffffe,12,0x2ecfe2c,4,(nil))
77247.571:0074:0084:trace:seh:dispatch_exception code=6ba flags=0 addr=000000007B01239E ip=000000007B01239E tid=0084
77247.571:0074:0084:warn:seh:dispatch_exception unknown exception (code=6ba) raised
77247.571:0074:0084:trace:seh:dispatch_exception  rax=000000007b012350 rbx=000000000162f578 rcx=000000000162f2a0 rdx=0000000000000000
77247.571:0074:0084:trace:seh:dispatch_exception  rsi=00000000000000cc rdi=00000000000000be rbp=0000000000000050 rsp=000000000162f280
77247.571:0074:0084:trace:seh:dispatch_exception   r8=0000000000000000  r9=0000000000000000 r10=00000000c33c3cc3 r11=00000000a55a5aa5
77247.571:0074:0084:trace:seh:dispatch_exception  r12=000000000162f578 r13=00000000016a0050 r14=0000000000000000 r15=00000000016a0050
77247.571:0074:0084:trace:seh:call_vectored_handlers calling handler at 00000002279AD540 code=6ba flags=0
77247.571:0074:0084:trace:seh:call_vectored_handlers handler at 00000002279AD540 returned 0
77247.571:0074:0084:trace:seh:call_vectored_handlers calling handler at 000000007B00C690 code=6ba flags=0
77247.571:0074:0084:trace:seh:call_vectored_handlers handler at 000000007B00C690 returned 0
77247.571:0074:0084:trace:seh:RtlVirtualUnwind type 1 rip 000000007B01239E rsp 000000000162F280
77247.571:0074:0084:trace:seh:dump_unwind_info **** func 12350-123d7
77247.571:0074:0084:trace:seh:dump_unwind_info unwind info at 000000007B0A6480 flags 0 prolog 0x11 bytes function 000000007B012350-000000007B0123D7
77247.571:0074:0084:trace:seh:dump_unwind_info     0x11: subq $0xc8,%rsp
77247.571:0074:0084:trace:seh:dump_unwind_info     0xa: pushq %rsi
77247.571:0074:0084:trace:seh:dump_unwind_info     0x9: pushq %rdi
77247.571:0074:0084:trace:seh:RtlVirtualUnwind type 1 rip 0000000231B22812 rsp 000000000162F360
77247.571:0074:0084:trace:seh:dump_unwind_info **** func 42800-42847
77247.571:0074:0084:trace:seh:dump_unwind_info unwind info at 0000000231B453C0 flags 0 prolog 0x4 bytes function 0000000231B22800-0000000231B22847
77247.571:0074:0084:trace:seh:dump_unwind_info     0x4: subq $0x28,%rsp
77247.571:0074:0084:trace:seh:RtlVirtualUnwind type 1 rip 0000000231AE98A4 rsp 000000000162F390
77247.571:0074:0084:trace:seh:dump_unwind_info **** func 97b0-98a5
77247.571:0074:0084:trace:seh:dump_unwind_info unwind info at 0000000231B43340 flags 0 prolog 0x6 bytes function 0000000231AE97B0-0000000231AE98A5
77247.571:0074:0084:trace:seh:dump_unwind_info     0x6: subq $0x38,%rsp
77247.571:0074:0084:trace:seh:dump_unwind_info     0x2: pushq %rbx
77247.571:0074:0084:trace:seh:dump_unwind_info     0x1: pushq %rsi
77247.571:0074:0084:trace:seh:RtlVirtualUnwind type 1 rip 00000002279C2EAE rsp 000000000162F3E0
77247.571:0074:0084:trace:seh:dump_unwind_info **** func 22cf0-22f10
77247.571:0074:0084:trace:seh:dump_unwind_info unwind info at 00000002279D4EC0 flags 0 prolog 0xe bytes function 00000002279C2CF0-00000002279C2F10
77247.571:0074:0084:trace:seh:dump_unwind_info     0xe: subq $0x330,%rsp
77247.571:0074:0084:trace:seh:dump_unwind_info     0x7: pushq %rbx
77247.571:0074:0084:trace:seh:dump_unwind_info     0x6: pushq %rsi
77247.571:0074:0084:trace:seh:dump_unwind_info     0x5: pushq %rdi
77247.571:0074:0084:trace:seh:dump_unwind_info     0x4: pushq %r12
77247.571:0074:0084:trace:seh:dump_unwind_info     0x2: pushq %r13
77247.571:0074:0084:trace:seh:call_stack_handlers found wine frame 000000000162F450 rsp 000000000162F740 handler 00000002279C27B0
77247.571:0074:0084:trace:seh:call_teb_handler calling TEB handler 00000002279C27B0 (rec=000000000162F2A0, frame=000000000162F450 context=000000000162E7C0, dispatch=000000000162E690)
77247.571:0074:0084:trace:seh:call_teb_handler handler at 00000002279C27B0 returned 1
77247.571:0074:0084:trace:seh:RtlVirtualUnwind type 1 rip 00000002279BAD65 rsp 000000000162F740
77247.571:0074:0084:trace:seh:dump_unwind_info **** func 1ac90-1ad76
77247.571:0074:0084:trace:seh:dump_unwind_info unwind info at 00000002279D4A70 flags 0 prolog 0x8 bytes function 00000002279BAC90-00000002279BAD76
77247.571:0074:0084:trace:seh:dump_unwind_info     0x8: subq $0x160,%rsp
77247.571:0074:0084:trace:seh:dump_unwind_info     0x1: pushq %rbx
77247.571:0074:0084:trace:seh:call_stack_handlers found wine frame 000000000162F770 rsp 000000000162F8B0 handler 00000002279C40A0
77247.571:0074:0084:trace:seh:call_teb_handler calling TEB handler 00000002279C40A0 (rec=000000000162F2A0, frame=000000000162F770 context=000000000162E7C0, dispatch=000000000162E690)
77247.571:0074:0084:trace:seh:RtlUnwindEx code=6ba flags=2 end_frame=000000000162F770 target_ip=00000002279C403A rip=000000007bc5ad7d
77247.571:0074:0084:trace:seh:RtlUnwindEx  rax=000000003ffc0000 rbx=000000000162f450 rcx=000000000162e090 rdx=00000000279c403a
77247.571:0074:0084:trace:seh:RtlUnwindEx  rsi=000000000162db40 rdi=000000000162e7c0 rbp=000000000162e590 rsp=000000000162d9d0
77247.571:0074:0084:trace:seh:RtlUnwindEx   r8=000000000162f2a0  r9=00000000279c4070 r10=000000000162e470 r11=0000000000026590
77247.571:0074:0084:trace:seh:RtlUnwindEx  r12=000000000162f2a0 r13=000000000162e090 r14=000000000162f770 r15=000000007bc69930
77247.571:0074:0084:trace:seh:RtlVirtualUnwind type 2 rip 000000007BC5AD7D rsp 000000000162D9D0
77247.571:0074:0084:trace:seh:dump_unwind_info **** func 5ad30-5b476
77247.571:0074:0084:trace:seh:dump_unwind_info unwind info at 000000007BC839B4 flags 0 prolog 0x13 bytes function 000000007BC5AD30-000000007BC5B476
77247.571:0074:0084:trace:seh:dump_unwind_info     0x13: subq $0x648,%rsp
77247.571:0074:0084:trace:seh:dump_unwind_info     0xc: pushq %rbx
77247.571:0074:0084:trace:seh:dump_unwind_info     0xb: pushq %rsi
77247.571:0074:0084:trace:seh:dump_unwind_info     0xa: pushq %rdi
77247.571:0074:0084:trace:seh:dump_unwind_info     0x9: pushq %rbp
77247.571:0074:0084:trace:seh:dump_unwind_info     0x8: pushq %r12
77247.571:0074:0084:trace:seh:dump_unwind_info     0x6: pushq %r13
77247.571:0074:0084:trace:seh:dump_unwind_info     0x4: pushq %r14
77247.571:0074:0084:trace:seh:dump_unwind_info     0x2: pushq %r15
77247.571:0074:0084:trace:seh:RtlVirtualUnwind type 2 rip 000000007BC5B49F rsp 000000000162E060
77247.571:0074:0084:trace:seh:dump_unwind_info **** func 5b480-5b4a8
77247.571:0074:0084:trace:seh:dump_unwind_info unwind info at 000000007BC839CC flags 0 prolog 0x7 bytes function 000000007BC5B480-000000007BC5B4A8
77247.571:0074:0084:trace:seh:dump_unwind_info     0x7: subq $0x508,%rsp
77247.571:0074:0084:trace:seh:RtlVirtualUnwind type 2 rip 00000002279C403A rsp 000000000162E570
77247.571:0074:0084:trace:seh:dump_unwind_info **** func 24020-2403c
77247.571:0074:0084:trace:seh:dump_unwind_info unwind info at 00000002279D4F68 flags 0 prolog 0x8 bytes function 00000002279C4020-00000002279C403C
77247.571:003c:0050:trace:seh:NtQueryInformationThread (0xfffffffffffffffe,12,0x162fe2c,4,(nil))
77247.571:0074:0084:trace:seh:dump_unwind_info     frame register rbp offset 0x0(%rsp)
77247.571:0074:0084:trace:seh:dump_unwind_info     0x8: subq $0x20,%rsp
77247.571:0074:0084:trace:seh:dump_unwind_info     0x4: leaq 0x0(%rsp),rbp
77247.571:0074:0084:trace:seh:dump_unwind_info     0x1: pushq %rbp
77247.571:0074:0084:trace:seh:RtlVirtualUnwind type 2 rip 00000002279C4069 rsp 000000000162E5A0
77247.571:0074:0084:trace:seh:dump_unwind_info **** func 24040-2406a
77247.571:0074:0084:trace:seh:dump_unwind_info unwind info at 00000002279D4F74 flags 0 prolog 0x4 bytes function 00000002279C4040-00000002279C406A
77247.571:0074:0084:trace:seh:dump_unwind_info     0x4: subq $0x28,%rsp
77247.571:0074:0084:trace:seh:RtlVirtualUnwind type 2 rip 00000002279C40F4 rsp 000000000162E5D0
77247.571:0074:0084:trace:seh:dump_unwind_info **** func 240a0-240f5
77247.571:0074:0084:trace:seh:dump_unwind_info unwind info at 00000002279D4F84 flags 0 prolog 0xa bytes function 00000002279C40A0-00000002279C40F5
77247.571:0074:0084:trace:seh:dump_unwind_info     0xa: subq $0x30,%rsp
77247.571:0074:0084:trace:seh:dump_unwind_info     0x6: pushq %r12
77247.571:0074:0084:trace:seh:dump_unwind_info     0x4: pushq %r13
77247.571:0074:0084:trace:seh:dump_unwind_info     0x2: pushq %r14
77247.571:0074:0084:trace:seh:RtlVirtualUnwind type 2 rip 000000007BC5A0BD rsp 000000000162E620
77247.571:0074:0084:trace:seh:dump_unwind_info **** func 59e80-5a391
77247.571:0074:0084:trace:seh:dump_unwind_info unwind info at 000000007BC8395C flags 0 prolog 0x13 bytes function 000000007BC59E80-000000007BC5A391
77247.571:0074:0084:trace:seh:dump_unwind_info     0x13: subq $0x678,%rsp
77247.571:0074:0084:trace:seh:dump_unwind_info     0xc: pushq %rbx
77247.571:0074:0084:trace:seh:dump_unwind_info     0xb: pushq %rsi
77247.572:0074:0084:trace:seh:dump_unwind_info     0xa: pushq %rdi
77247.572:0074:0084:trace:seh:dump_unwind_info     0x9: pushq %rbp
77247.572:0074:0084:trace:seh:dump_unwind_info     0x8: pushq %r12
77247.572:0074:0084:trace:seh:dump_unwind_info     0x6: pushq %r13
77247.572:0074:0084:trace:seh:dump_unwind_info     0x4: pushq %r14
77247.572:0074:0084:trace:seh:dump_unwind_info     0x2: pushq %r15
77247.572:0074:0084:trace:seh:RtlVirtualUnwind type 2 rip 000000007BC5A6A7 rsp 000000000162ECE0
77247.572:0074:0084:trace:seh:dump_unwind_info **** func 5a3a0-5a8af
77247.572:0074:0084:trace:seh:dump_unwind_info unwind info at 000000007BC83974 flags 0 prolog 0x10 bytes function 000000007BC5A3A0-000000007BC5A8AF
77247.572:0074:0084:trace:seh:dump_unwind_info     0x10: subq $0x58,%rsp
77247.572:0074:0084:trace:seh:dump_unwind_info     0xc: pushq %rbx
77247.572:0074:0084:trace:seh:dump_unwind_info     0xb: pushq %rsi
77247.572:0074:0084:trace:seh:dump_unwind_info     0xa: pushq %rdi
77247.572:0074:0084:trace:seh:dump_unwind_info     0x9: pushq %rbp
77247.572:0074:0084:trace:seh:dump_unwind_info     0x8: pushq %r12
77247.572:0074:0084:trace:seh:dump_unwind_info     0x6: pushq %r13
77247.572:0074:0084:trace:seh:dump_unwind_info     0x4: pushq %r14
77247.572:0074:0084:trace:seh:dump_unwind_info     0x2: pushq %r15
77247.572:0074:0084:trace:seh:RtlVirtualUnwind type 2 rip 000000007BC583D8 rsp 000000000162ED80
77247.572:0074:0084:trace:seh:dump_unwind_info **** func 58370-583e5
77247.572:0074:0084:trace:seh:dump_unwind_info unwind info at 000000007BC838C8 flags 0 prolog 0x7 bytes function 000000007BC58370-000000007BC583E5
77247.572:0074:0084:trace:seh:dump_unwind_info     0x7: subq $0x4f8,%rsp
77247.572:0074:0084:trace:seh:RtlVirtualUnwind type 2 rip 000000007B01239E rsp 000000000162F280
77247.572:0074:0084:trace:seh:dump_unwind_info **** func 12350-123d7
77247.572:0074:0084:trace:seh:dump_unwind_info unwind info at 000000007B0A6480 flags 0 prolog 0x11 bytes function 000000007B012350-000000007B0123D7
77247.572:0074:0084:trace:seh:dump_unwind_info     0x11: subq $0xc8,%rsp
77247.572:0074:0084:trace:seh:dump_unwind_info     0xa: pushq %rsi
77247.572:0074:0084:trace:seh:dump_unwind_info     0x9: pushq %rdi
77247.572:0074:0084:trace:seh:RtlVirtualUnwind type 2 rip 0000000231B22812 rsp 000000000162F360
77247.572:0074:0084:trace:seh:dump_unwind_info **** func 42800-42847
77247.572:0074:0084:trace:seh:dump_unwind_info unwind info at 0000000231B453C0 flags 0 prolog 0x4 bytes function 0000000231B22800-0000000231B22847
77247.572:0074:0084:trace:seh:dump_unwind_info     0x4: subq $0x28,%rsp
77247.572:0074:0084:trace:seh:RtlVirtualUnwind type 2 rip 0000000231AE98A4 rsp 000000000162F390
77247.572:0074:0084:trace:seh:dump_unwind_info **** func 97b0-98a5
77247.572:0074:0084:trace:seh:dump_unwind_info unwind info at 0000000231B43340 flags 0 prolog 0x6 bytes function 0000000231AE97B0-0000000231AE98A5
77247.572:0074:0084:trace:seh:dump_unwind_info     0x6: subq $0x38,%rsp
77247.572:0074:0084:trace:seh:dump_unwind_info     0x2: pushq %rbx
77247.572:0074:0084:trace:seh:dump_unwind_info     0x1: pushq %rsi
77247.572:0074:0084:trace:seh:RtlVirtualUnwind type 2 rip 00000002279C2EAE rsp 000000000162F3E0
77247.572:0074:0084:trace:seh:dump_unwind_info **** func 22cf0-22f10
77247.572:0074:0084:trace:seh:dump_unwind_info unwind info at 00000002279D4EC0 flags 0 prolog 0xe bytes function 00000002279C2CF0-00000002279C2F10
77247.572:0074:0084:trace:seh:dump_unwind_info     0xe: subq $0x330,%rsp
77247.572:0074:0084:trace:seh:dump_unwind_info     0x7: pushq %rbx
77247.572:0074:0084:trace:seh:dump_unwind_info     0x6: pushq %rsi
77247.572:0074:0084:trace:seh:dump_unwind_info     0x5: pushq %rdi
77247.572:0074:0084:trace:seh:dump_unwind_info     0x4: pushq %r12
77247.572:0074:0084:trace:seh:dump_unwind_info     0x2: pushq %r13
77247.572:0074:0084:trace:seh:RtlUnwindEx found builtin frame 000000000162F450 handler 00000002279C27B0
77247.572:0074:0084:trace:seh:call_teb_unwind_handler calling TEB handler 00000002279C27B0 (rec=000000000162F2A0, frame=000000000162F450 context=000000000162E090, dispatch=000000000162DA50)
77247.572:0074:0084:trace:seh:call_teb_unwind_handler handler at 00000002279C27B0 returned 1
77247.572:0074:0084:trace:seh:RtlVirtualUnwind type 2 rip 00000002279BAD65 rsp 000000000162F740
77247.572:0074:0084:trace:seh:dump_unwind_info **** func 1ac90-1ad76
77247.572:0074:0084:trace:seh:dump_unwind_info unwind info at 00000002279D4A70 flags 0 prolog 0x8 bytes function 00000002279BAC90-00000002279BAD76
77247.572:0074:0084:trace:seh:dump_unwind_info     0x8: subq $0x160,%rsp
77247.572:0074:0084:trace:seh:dump_unwind_info     0x1: pushq %rbx
77247.572:0074:0084:trace:seh:RtlRestoreContext returning to 00000002279C403A stack 000000000162F740
77247.572:0074:0084:trace:seh:dispatch_exception code=6ba flags=0 addr=000000007B01239E ip=000000007B01239E tid=0084
77247.572:0074:0084:warn:seh:dispatch_exception unknown exception (code=6ba) raised
77247.572:0074:0084:trace:seh:dispatch_exception  rax=000000007b012350 rbx=000000000162f578 rcx=000000000162f290 rdx=0000000000000000
77247.572:0074:0084:trace:seh:dispatch_exception  rsi=00000000000000d2 rdi=0000000001660230 rbp=0000000000000050 rsp=000000000162f270
77247.572:0074:0084:trace:seh:dispatch_exception   r8=0000000000000000  r9=0000000000000000 r10=00000000c33c3cc3 r11=00000000a55a5aa5
77247.572:0074:0084:trace:seh:dispatch_exception  r12=000000000162f578 r13=00000000016a0050 r14=0000000000000000 r15=00000000016a0050
77247.572:0074:0084:trace:seh:call_vectored_handlers calling handler at 00000002279AD540 code=6ba flags=0
77247.572:0074:0084:trace:seh:call_vectored_handlers handler at 00000002279AD540 returned 0
77247.572:0074:0084:trace:seh:call_vectored_handlers calling handler at 000000007B00C690 code=6ba flags=0
77247.572:0074:0084:trace:seh:call_vectored_handlers handler at 000000007B00C690 returned 0
77247.572:0074:0084:trace:seh:RtlVirtualUnwind type 1 rip 000000007B01239E rsp 000000000162F270
77247.572:0074:0084:trace:seh:dump_unwind_info **** func 12350-123d7
77247.572:0074:0084:trace:seh:dump_unwind_info unwind info at 000000007B0A6480 flags 0 prolog 0x11 bytes function 000000007B012350-000000007B0123D7
77247.572:0074:0084:trace:seh:dump_unwind_info     0x11: subq $0xc8,%rsp
77247.572:0074:0084:trace:seh:dump_unwind_info     0xa: pushq %rsi
77247.572:0074:0084:trace:seh:dump_unwind_info     0x9: pushq %rdi
77247.572:0074:0084:trace:seh:RtlVirtualUnwind type 1 rip 0000000231B22812 rsp 000000000162F350
77247.572:0074:0084:trace:seh:dump_unwind_info **** func 42800-42847
77247.572:0074:0084:trace:seh:dump_unwind_info unwind info at 0000000231B453C0 flags 0 prolog 0x4 bytes function 0000000231B22800-0000000231B22847
77247.572:0074:0084:trace:seh:dump_unwind_info     0x4: subq $0x28,%rsp
77247.572:0074:0084:trace:seh:RtlVirtualUnwind type 1 rip 0000000231AE9736 rsp 000000000162F380
77247.572:0074:0084:trace:seh:dump_unwind_info **** func 96b0-9737
77247.572:0074:0084:trace:seh:dump_unwind_info unwind info at 0000000231B4332C flags 0 prolog 0x7 bytes function 0000000231AE96B0-0000000231AE9737
77247.572:0074:0084:trace:seh:dump_unwind_info     0x7: subq $0x40,%rsp
77247.572:0074:0084:trace:seh:dump_unwind_info     0x3: pushq %rbx
77247.572:0074:0084:trace:seh:dump_unwind_info     0x2: pushq %rsi
77247.572:0074:0084:trace:seh:dump_unwind_info     0x1: pushq %rdi
77247.572:0074:0084:trace:seh:RtlVirtualUnwind type 1 rip 00000002279C2DED rsp 000000000162F3E0
77247.572:0074:0084:trace:seh:dump_unwind_info **** func 22cf0-22f10
77247.572:0074:0084:trace:seh:dump_unwind_info unwind info at 00000002279D4EC0 flags 0 prolog 0xe bytes function 00000002279C2CF0-00000002279C2F10
77247.572:0074:0084:trace:seh:dump_unwind_info     0xe: subq $0x330,%rsp
77247.572:0074:0084:trace:seh:dump_unwind_info     0x7: pushq %rbx
77247.572:0074:0084:trace:seh:dump_unwind_info     0x6: pushq %rsi
77247.572:0074:0084:trace:seh:dump_unwind_info     0x5: pushq %rdi
77247.572:0074:0084:trace:seh:dump_unwind_info     0x4: pushq %r12
77247.572:0074:0084:trace:seh:dump_unwind_info     0x2: pushq %r13
77247.572:0074:0084:trace:seh:call_stack_handlers found wine frame 000000000162F450 rsp 000000000162F740 handler 00000002279C27B0
77247.572:0074:0084:trace:seh:call_teb_handler calling TEB handler 00000002279C27B0 (rec=000000000162F290, frame=000000000162F450 context=000000000162E7B0, dispatch=000000000162E680)
77247.572:0074:0084:trace:seh:call_teb_handler handler at 00000002279C27B0 returned 1
77247.572:0074:0084:trace:seh:RtlVirtualUnwind type 1 rip 00000002279BAD65 rsp 000000000162F740
77247.572:0074:0084:trace:seh:dump_unwind_info **** func 1ac90-1ad76
77247.572:0074:0084:trace:seh:dump_unwind_info unwind info at 00000002279D4A70 flags 0 prolog 0x8 bytes function 00000002279BAC90-00000002279BAD76
77247.572:0074:0084:trace:seh:dump_unwind_info     0x8: subq $0x160,%rsp
77247.572:0074:0084:trace:seh:dump_unwind_info     0x1: pushq %rbx
77247.572:0074:0084:trace:seh:call_stack_handlers found wine frame 000000000162F770 rsp 000000000162F8B0 handler 00000002279C40A0
77247.572:0074:0084:trace:seh:call_teb_handler calling TEB handler 00000002279C40A0 (rec=000000000162F290, frame=000000000162F770 context=000000000162E7B0, dispatch=000000000162E680)
77247.572:0074:0084:trace:seh:RtlUnwindEx code=6ba flags=2 end_frame=000000000162F770 target_ip=00000002279C403A rip=000000007bc5ad7d
77247.572:0074:0084:trace:seh:RtlUnwindEx  rax=000000003ffc0000 rbx=000000000162f450 rcx=000000000162e080 rdx=00000000279c403a
77247.572:0074:0084:trace:seh:RtlUnwindEx  rsi=000000000162db30 rdi=000000000162e7b0 rbp=000000000162e580 rsp=000000000162d9c0
77247.572:0074:0084:trace:seh:RtlUnwindEx   r8=000000000162f290  r9=00000000279c4070 r10=000000000162e276 r11=0000000000000293
77247.572:0074:0084:trace:seh:RtlUnwindEx  r12=000000000162f290 r13=000000000162e080 r14=000000000162f770 r15=000000007bc69930
77247.572:0074:0084:trace:seh:RtlVirtualUnwind type 2 rip 000000007BC5AD7D rsp 000000000162D9C0
77247.572:0074:0084:trace:seh:dump_unwind_info **** func 5ad30-5b476
77247.572:0074:0084:trace:seh:dump_unwind_info unwind info at 000000007BC839B4 flags 0 prolog 0x13 bytes function 000000007BC5AD30-000000007BC5B476
77247.572:0074:0084:trace:seh:dump_unwind_info     0x13: subq $0x648,%rsp
77247.572:0074:0084:trace:seh:dump_unwind_info     0xc: pushq %rbx
77247.572:0074:0084:trace:seh:dump_unwind_info     0xb: pushq %rsi
77247.572:0074:0084:trace:seh:dump_unwind_info     0xa: pushq %rdi
77247.572:0074:0084:trace:seh:dump_unwind_info     0x9: pushq %rbp
77247.572:0074:0084:trace:seh:dump_unwind_info     0x8: pushq %r12
77247.572:0074:0084:trace:seh:dump_unwind_info     0x6: pushq %r13
77247.572:0074:0084:trace:seh:dump_unwind_info     0x4: pushq %r14
77247.572:0074:0084:trace:seh:dump_unwind_info     0x2: pushq %r15
77247.572:0074:0084:trace:seh:RtlVirtualUnwind type 2 rip 000000007BC5B49F rsp 000000000162E050
77247.572:0074:0084:trace:seh:dump_unwind_info **** func 5b480-5b4a8
77247.572:0074:0084:trace:seh:dump_unwind_info unwind info at 000000007BC839CC flags 0 prolog 0x7 bytes function 000000007BC5B480-000000007BC5B4A8
77247.572:0074:0084:trace:seh:dump_unwind_info     0x7: subq $0x508,%rsp
77247.572:0074:0084:trace:seh:RtlVirtualUnwind type 2 rip 00000002279C403A rsp 000000000162E560
77247.572:0074:0084:trace:seh:dump_unwind_info **** func 24020-2403c
77247.572:0074:0084:trace:seh:dump_unwind_info unwind info at 00000002279D4F68 flags 0 prolog 0x8 bytes function 00000002279C4020-00000002279C403C
77247.572:0074:0084:trace:seh:dump_unwind_info     frame register rbp offset 0x0(%rsp)
77247.572:0074:0084:trace:seh:dump_unwind_info     0x8: subq $0x20,%rsp
77247.572:0074:0084:trace:seh:dump_unwind_info     0x4: leaq 0x0(%rsp),rbp
77247.572:0074:0084:trace:seh:dump_unwind_info     0x1: pushq %rbp
77247.572:0074:0084:trace:seh:RtlVirtualUnwind type 2 rip 00000002279C4069 rsp 000000000162E590
77247.572:0074:0084:trace:seh:dump_unwind_info **** func 24040-2406a
77247.572:0074:0084:trace:seh:dump_unwind_info unwind info at 00000002279D4F74 flags 0 prolog 0x4 bytes function 00000002279C4040-00000002279C406A
77247.572:0074:0084:trace:seh:dump_unwind_info     0x4: subq $0x28,%rsp
77247.572:0074:0084:trace:seh:RtlVirtualUnwind type 2 rip 00000002279C40F4 rsp 000000000162E5C0
77247.572:0074:0084:trace:seh:dump_unwind_info **** func 240a0-240f5
77247.572:0074:0084:trace:seh:dump_unwind_info unwind info at 00000002279D4F84 flags 0 prolog 0xa bytes function 00000002279C40A0-00000002279C40F5
77247.572:0074:0084:trace:seh:dump_unwind_info     0xa: subq $0x30,%rsp
77247.572:0074:0084:trace:seh:dump_unwind_info     0x6: pushq %r12
77247.572:0074:0084:trace:seh:dump_unwind_info     0x4: pushq %r13
77247.572:0074:0084:trace:seh:dump_unwind_info     0x2: pushq %r14
77247.572:0074:0084:trace:seh:RtlVirtualUnwind type 2 rip 000000007BC5A0BD rsp 000000000162E610
77247.572:0074:0084:trace:seh:dump_unwind_info **** func 59e80-5a391
77247.572:0074:0084:trace:seh:dump_unwind_info unwind info at 000000007BC8395C flags 0 prolog 0x13 bytes function 000000007BC59E80-000000007BC5A391
77247.572:0074:0084:trace:seh:dump_unwind_info     0x13: subq $0x678,%rsp
77247.572:0074:0084:trace:seh:dump_unwind_info     0xc: pushq %rbx
77247.572:0074:0084:trace:seh:dump_unwind_info     0xb: pushq %rsi
77247.572:0074:0084:trace:seh:dump_unwind_info     0xa: pushq %rdi
77247.572:0074:0084:trace:seh:dump_unwind_info     0x9: pushq %rbp
77247.572:0074:0084:trace:seh:dump_unwind_info     0x8: pushq %r12
77247.572:0074:0084:trace:seh:dump_unwind_info     0x6: pushq %r13
77247.572:0074:0084:trace:seh:dump_unwind_info     0x4: pushq %r14
77247.572:0074:0084:trace:seh:dump_unwind_info     0x2: pushq %r15
77247.572:0074:0084:trace:seh:RtlVirtualUnwind type 2 rip 000000007BC5A6A7 rsp 000000000162ECD0
77247.572:0074:0084:trace:seh:dump_unwind_info **** func 5a3a0-5a8af
77247.572:0074:0084:trace:seh:dump_unwind_info unwind info at 000000007BC83974 flags 0 prolog 0x10 bytes function 000000007BC5A3A0-000000007BC5A8AF
77247.572:0074:0084:trace:seh:dump_unwind_info     0x10: subq $0x58,%rsp
77247.572:0074:0084:trace:seh:dump_unwind_info     0xc: pushq %rbx
77247.572:0074:0084:trace:seh:dump_unwind_info     0xb: pushq %rsi
77247.572:0074:0084:trace:seh:dump_unwind_info     0xa: pushq %rdi
77247.572:0074:0084:trace:seh:dump_unwind_info     0x9: pushq %rbp
77247.572:0074:0084:trace:seh:dump_unwind_info     0x8: pushq %r12
77247.572:0074:0084:trace:seh:dump_unwind_info     0x6: pushq %r13
77247.572:0074:0084:trace:seh:dump_unwind_info     0x4: pushq %r14
77247.572:0074:0084:trace:seh:dump_unwind_info     0x2: pushq %r15
77247.572:0074:0084:trace:seh:RtlVirtualUnwind type 2 rip 000000007BC583D8 rsp 000000000162ED70
77247.572:0074:0084:trace:seh:dump_unwind_info **** func 58370-583e5
77247.572:0074:0084:trace:seh:dump_unwind_info unwind info at 000000007BC838C8 flags 0 prolog 0x7 bytes function 000000007BC58370-000000007BC583E5
77247.572:0074:0084:trace:seh:dump_unwind_info     0x7: subq $0x4f8,%rsp
77247.572:0074:0084:trace:seh:RtlVirtualUnwind type 2 rip 000000007B01239E rsp 000000000162F270
77247.572:0074:0084:trace:seh:dump_unwind_info **** func 12350-123d7
77247.572:0074:0084:trace:seh:dump_unwind_info unwind info at 000000007B0A6480 flags 0 prolog 0x11 bytes function 000000007B012350-000000007B0123D7
77247.572:0074:0084:trace:seh:dump_unwind_info     0x11: subq $0xc8,%rsp
77247.572:0074:0084:trace:seh:dump_unwind_info     0xa: pushq %rsi
77247.572:0074:0084:trace:seh:dump_unwind_info     0x9: pushq %rdi
77247.572:0074:0084:trace:seh:RtlVirtualUnwind type 2 rip 0000000231B22812 rsp 000000000162F350
77247.572:0074:0084:trace:seh:dump_unwind_info **** func 42800-42847
77247.572:0074:0084:trace:seh:dump_unwind_info unwind info at 0000000231B453C0 flags 0 prolog 0x4 bytes function 0000000231B22800-0000000231B22847
77247.572:0074:0084:trace:seh:dump_unwind_info     0x4: subq $0x28,%rsp
77247.572:0074:0084:trace:seh:RtlVirtualUnwind type 2 rip 0000000231AE9736 rsp 000000000162F380
77247.572:0074:0084:trace:seh:dump_unwind_info **** func 96b0-9737
77247.572:0074:0084:trace:seh:dump_unwind_info unwind info at 0000000231B4332C flags 0 prolog 0x7 bytes function 0000000231AE96B0-0000000231AE9737
77247.572:0074:0084:trace:seh:dump_unwind_info     0x7: subq $0x40,%rsp
77247.572:0074:0084:trace:seh:dump_unwind_info     0x3: pushq %rbx
77247.572:0074:0084:trace:seh:dump_unwind_info     0x2: pushq %rsi
77247.572:0074:0084:trace:seh:dump_unwind_info     0x1: pushq %rdi
77247.572:0074:0084:trace:seh:RtlVirtualUnwind type 2 rip 00000002279C2DED rsp 000000000162F3E0
77247.572:0074:0084:trace:seh:dump_unwind_info **** func 22cf0-22f10
77247.572:0074:0084:trace:seh:dump_unwind_info unwind info at 00000002279D4EC0 flags 0 prolog 0xe bytes function 00000002279C2CF0-00000002279C2F10
77247.572:0074:0084:trace:seh:dump_unwind_info     0xe: subq $0x330,%rsp
77247.572:0074:0084:trace:seh:dump_unwind_info     0x7: pushq %rbx
77247.572:0074:0084:trace:seh:dump_unwind_info     0x6: pushq %rsi
77247.572:0074:0084:trace:seh:dump_unwind_info     0x5: pushq %rdi
77247.572:0074:0084:trace:seh:dump_unwind_info     0x4: pushq %r12
77247.572:0074:0084:trace:seh:dump_unwind_info     0x2: pushq %r13
77247.572:0074:0084:trace:seh:RtlUnwindEx found builtin frame 000000000162F450 handler 00000002279C27B0
77247.572:0074:0084:trace:seh:call_teb_unwind_handler calling TEB handler 00000002279C27B0 (rec=000000000162F290, frame=000000000162F450 context=000000000162E080, dispatch=000000000162DA40)
77247.572:0074:0084:trace:seh:call_teb_unwind_handler handler at 00000002279C27B0 returned 1
77247.572:0074:0084:trace:seh:RtlVirtualUnwind type 2 rip 00000002279BAD65 rsp 000000000162F740
77247.572:0074:0084:trace:seh:dump_unwind_info **** func 1ac90-1ad76
77247.572:0074:0084:trace:seh:dump_unwind_info unwind info at 00000002279D4A70 flags 0 prolog 0x8 bytes function 00000002279BAC90-00000002279BAD76
77247.572:0074:0084:trace:seh:dump_unwind_info     0x8: subq $0x160,%rsp
77247.572:0074:0084:trace:seh:dump_unwind_info     0x1: pushq %rbx
77247.572:0074:0084:trace:seh:RtlRestoreContext returning to 00000002279C403A stack 000000000162F740
77247.572:0074:008c:trace:seh:NtQueryInformationThread (0xfffffffffffffffe,12,0x1c9fe2c,4,(nil))
77247.572:0074:0098:trace:seh:NtQueryInformationThread (0xfffffffffffffffe,12,0x22afe2c,4,(nil))
77247.573:0074:009c:trace:seh:NtQueryInformationThread (0xfffffffffffffffe,12,0x28bfe2c,4,(nil))
77247.595:005c:006c:trace:seh:NtQueryInformationThread (0xfffffffffffffffe,12,0x157fe2c,4,(nil))
77247.595:00d4:00e8:trace:seh:NtQueryInformationThread (0xfffffffffffffffe,12,0x151fe2c,4,(nil))
77247.595:0074:0084:trace:loaddll:free_modref Unloaded module L"C:\\windows\\system32\\drivers\\winebus.sys" : builtin
77247.596:0074:0084:trace:loaddll:free_modref Unloaded module L"C:\\windows\\system32\\drivers\\wineusb.sys" : builtin
77247.597:0074:0084:trace:loaddll:free_modref Unloaded module L"C:\\windows\\system32\\drivers\\winehid.sys" : builtin
77247.597:0074:0084:trace:loaddll:free_modref Unloaded module L"C:\\windows\\system32\\hidclass.sys" : builtin
77247.598:0074:0084:trace:seh:NtQueryInformationThread (0xfffffffffffffffe,12,0x162fe2c,4,(nil))
77247.671:0030:0064:trace:seh:NtQueryInformationThread (0xfffffffffffffffe,12,0x274fe2c,4,(nil))
77247.672:0030:0130:trace:seh:NtQueryInformationThread (0xfffffffffffffffe,12,0x53cfe2c,4,(nil))
77247.672:0030:0044:trace:seh:NtQueryInformationThread (0xfffffffffffffffe,12,0x151fe2c,4,(nil))
77247.672:0030:0054:trace:seh:NtQueryInformationThread (0xfffffffffffffffe,12,0x213fe2c,4,(nil))
77247.672:0030:007c:trace:seh:NtQueryInformationThread (0xfffffffffffffffe,12,0x2d5fe2c,4,(nil))
77247.672:0030:0088:trace:seh:NtQueryInformationThread (0xfffffffffffffffe,12,0x336fe2c,4,(nil))
77247.672:0030:00dc:trace:seh:NtQueryInformationThread (0xfffffffffffffffe,12,0x459fe2c,4,(nil))
77247.672:0030:0134:trace:seh:NtQueryInformationThread (0xfffffffffffffffe,12,0x59dfe2c,4,(nil))
77247.672:0030:0038:trace:seh:NtQueryInformationThread (0xfffffffffffffffe,12,0xf0fe2c,4,(nil))
pid 141658 != 141657, skipping destruction (fork without exec?)
```

**Comment by DadSchoorse** [comment]
> I tried capturing one via the wrappers DLL from the wiki but no trace file was outputted. Is it supposed to be in the game dir?

No, apitrace will create the trace file in the wine prefix under `drive_c/users/$USER/Desktop`.

**Comment by hilts-vaughan** [comment]
Some traces:https://drive.google.com/drive/folders/1rF6jyNhKNe0GNyKdTujONx-94gILvFHZ?usp=sharing

**Comment by K0bin** [comment]
Can someone make an apitrace with WineD3D. The ones @hilts-vaughan made are just 2KB so they are almost certainly useless.

**Comment by hilts-vaughan** [comment]
I'm happy to retake the trace if I can figure out why it's so small. The
game is also free (the classic edition at least, which has the same
problem) if anyone wants to tackle it again.

Do you want me to try taking the trace with WineD3D enabled and DXVK
disabled to be clear?

**Comment by K0bin** [comment]
> Do you want me to try taking the trace with WineD3D enabled and DXVK
disabled to be clear?

Yes, exactly that.

**Comment by K0bin** [comment]
I tried it myself but I can't get Pico Park Classic to run at all. It doesn't work with DXVK and it doesnt work with WineD3D either. So this is most likely a Wine issue, rather than a DXVK one.

**Comment by hilts-vaughan** [comment]
You have to edit `userdata.lua` to have full screen set to 0 or it crashes immediately and you have to use `PROTON_USE_WINED3D11=1 %command%` as the launch command. The game runs on D3D9 though I think since the log from the non-classic version has this:

pico_park_d3d9.log
```
info:  Game: pico_park.exe
info:  DXVK: v1.9.2
info:  Built-in extension providers:
info:    Win32 WSI
info:    OpenVR
info:    OpenXR
warn:  OpenXR: Unable to get required Vulkan instance extensions size
info:  Enabled instance extensions:
info:    VK_KHR_get_surface_capabilities2
info:    VK_KHR_surface
info:    VK_KHR_win32_surface
warn:  OpenXR: Unable to get required Vulkan Device extensions size
info:  D3D9: VK_FORMAT_D16_UNORM_S8_UINT -> VK_FORMAT_D24_UNORM_S8_UINT
info:  NVIDIA GeForce GTX 1080:
info:    Driver: 495.44.0
info:    Vulkan: 1.2.186
info:    Memory Heap[0]: 
info:      Size: 8192 MiB
info:      Flags: 0x1
info:      Memory Type[7]: Property Flags = 0x1
info:    Memory Heap[1]: 
info:      Size: 24036 MiB
info:      Flags: 0x0
info:      Memory Type[0]: Property Flags = 0x0
info:      Memory Type[1]: Property Flags = 0x0
info:      Memory Type[2]: Property Flags = 0x0
info:      Memory Type[3]: Property Flags = 0x0
info:      Memory Type[4]: Property Flags = 0x0
info:      Memory Type[5]: Property Flags = 0x0
info:      Memory Type[6]: Property Flags = 0x0
info:      Memory Type[8]: Property Flags = 0x6
info:      Memory Type[9]: Property Flags = 0xe
info:    Memory Heap[2]: 
info:      Size: 246 MiB
info:      Flags: 0x1
info:      Memory Type[10]: Property Flags = 0x7
info:  Process set as DPI aware

```

If using `PROTON_USE_WINED3D9` (is this flag valid still?), then the game crashes like it does with DXVK.

**Comment by hilts-vaughan** [comment]
It seems like `PROTON_USE_WINED3D` also will have the same black screen: 
![image](https://user-images.githubusercontent.com/1079207/141693962-31ba029a-0d45-4770-941f-6628b75a554c.png)

**Comment by K0bin** [comment]
I need either a WineD3D or a Windows apitrace to look into this.

**Comment by hilts-vaughan** [comment]
I can take a Windows one for you. Let me boot into Windows to grab it for you.

**Comment by hilts-vaughan** [comment]
I've provided a PICO Park: Classic Windows API trace in the same folder. I will try and grab one from the full game as well.

**Comment by K0bin** [comment]
The windows apitrace works just fine. That's usually a strong sign that this is a Wine problem rather than a DXVK one.

![image](https://user-images.githubusercontent.com/1131720/141694542-b6e6433c-31b0-4dca-805a-f0760efc6bb8.png)

**Comment by hilts-vaughan** [comment]
The game hangs with a frozen black screen and then crashes just like Linux under Windows when using the 32 bit DXVK DLL. I can provide more logs if you think this is something that might be in DXVK or if you think it's a WINE bug that DXVK is tripping, we can explore that too (perhaps upstream)

**Comment by K0bin** [comment]
> The game hangs with a frozen black screen and then crashes just like Linux under Windows when using the 32 bit DXVK DLL.

Probably not a Wine bug after all then.

**Comment by hilts-vaughan** [comment]
Cool, I tried the first release of `d9vk-0.10.tar.gz` from way back when and it has the same problem as well. Are there any other logs you need that would be useful from Windows etc?

**Comment by K0bin** [comment]
[d3d9.zip](https://github.com/doitsujin/dxvk/files/7534461/d3d9.zip)

Does this work on Windows?

**Comment by hilts-vaughan** [comment]
Same thing; black screen and then crashes.

**Comment by hilts-vaughan** [comment]
I've also unpacked the game with Steamless and included a crash dump:

```
(3a00.650): Access violation - code c0000005 (first chance)
First chance exceptions are reported before any exception handling.
This exception may be expected and handled.
eax=00000000 ebx=00000001 ecx=03fef91c edx=03fef95c esi=0400a110 edi=03fef91c
eip=00c0f1a7 esp=016ff74c ebp=016ff758 iopl=0         nv up ei pl nz na po nc
cs=0023  ss=002b  ds=002b  es=002b  fs=0053  gs=002b             efl=00010202
pico_park_dx9+0x9f1a7:
00c0f1a7 8b08            mov     ecx,dword ptr [eax]  ds:002b:00000000=????????
```

I'll leave it with you folks now; please let me know if there is anything I can do to help. :)

**Comment by hilts-vaughan** [comment]
Some other notes from attempting to grok what is happening in Ghidra and WinDbg for my own curiosity:

1. The Linux log had this line `77244.140:010c:0110:err:system:EnumDisplaySettingsExW Invalid device name L"".`, which seemed kind of suspicious. I used a breakpoint to find all syscalls to enumerate Windows using `bp User32!EnumDisplaySettingsExW` and printing out arguments (such as the first value being passed in) `.printf "Finding device: <%mu>", dwo(@esp+4);`, though I 
just got back the default display on Windows: `Finding device: <\\.\DISPLAY1>0:000>`. I'm not sure how to debug the syscalls in Linux, so I can't verify, though the logs seem to imply that it's a blank string or something. Maybe that's an issue but since it's closing and crashing on Windows as well, perhaps there is an issue here. Or maybe it's different issues. :') 

2. On Windows, without DXVK, the function is never called. With DXVK, the stack looks like this with some stub I don't understand: ![image](https://user-images.githubusercontent.com/1079207/141724250-efe81c06-01cf-4bee-9048-7f1b31aad761.png)

I don't understand how that stub works to know how that param `EnumDisplaySettingsExW` (`lpszDeviceName`) is sourced, so I can't tell for sure how that happened. I'm guessing some other syscall.

I may try and debug later to try and find more info for fun and learning (I come from a web. dev background), but if someone has insights in the meantime I would love to learn and understand how the solution comes together!

**Comment by fin-ger** [comment]
Any news on this?

**Comment by fin-ger** [comment]
I don't have a Windows on hand, I think I can't help here.

**Comment by Blisto91** [comment]
Some old info from the dev if it's useful. [Here](https://steamcommunity.com/app/1509960/discussions/0/3046108212585124835/?ctp=4#c5064850575732911284) & [here](https://steamcommunity.com/app/1509960/discussions/0/3046108212585124835/?ctp=4#c2950411088492257951)

Haven't tried this myself yet. But will attempt to launch it later when i have time.

**Comment by Blisto91** [comment]
Sadly i haven't been able to provide much help. I can reproduce that it shuts down instantly on linux with both wined3d and dxvk. And on windows the same with dxvk. But when i replay a short trace i made on windows it plays fine with dxvk as K0bin said.
Haven't found any dxvk config options on linux that made it run, nor master or older versions.

**Comment by hilts-vaughan** [comment]
I don't see a PR. Do you need someone to test / implement it?

**Comment by Blisto91** [comment]
The person in discord who found the issue haven't gotten back yet.
